20:06:44.360 [main] INFO  a.f.a.t.Tool$ - Checker options: filename=SetSndRcv.tla, init=Init, next=Next, inv=Inv
20:06:44.364 [main] INFO  a.f.a.t.Tool$ - Tuning: 
20:06:44.367 [main] INFO  a.f.a.i.p.PassChainExecutor - PASS #0: SanyParser
20:06:44.936 [main] DEBUG a.f.a.i.p.PassChainExecutor - PASS #0: SanyParser [OK]
20:06:44.937 [main] INFO  a.f.a.i.p.PassChainExecutor - PASS #1: TypeCheckerSnowcat
20:06:44.937 [main] INFO  a.f.a.t.t.p.EtcTypeCheckerPassImpl -  > Running Snowcat .::.
20:06:45.276 [main] INFO  a.f.a.t.t.p.EtcTypeCheckerPassImpl -  > Your types are great!
20:06:45.276 [main] INFO  a.f.a.t.t.p.EtcTypeCheckerPassImpl -  > All expressions are typed
20:06:45.277 [main] DEBUG a.f.a.i.p.PassChainExecutor - PASS #1: TypeCheckerSnowcat [OK]
20:06:45.277 [main] INFO  a.f.a.i.p.PassChainExecutor - PASS #2: ConfigurationPass
20:06:45.283 [main] INFO  a.f.a.t.p.p.ConfigurationPassImpl -   > SetSndRcv.cfg: Loading TLC configuration
20:06:45.290 [main] INFO  a.f.a.t.p.p.ConfigurationPassImpl -   > No TLC configuration found. Skipping.
20:06:45.290 [main] INFO  a.f.a.t.p.p.ConfigurationPassImpl -   > Set the initialization predicate to Init
20:06:45.291 [main] INFO  a.f.a.t.p.p.ConfigurationPassImpl -   > Set the constant initialization predicate to CInit4
20:06:45.292 [main] INFO  a.f.a.t.p.p.ConfigurationPassImpl -   > Set the transition predicate to Next
20:06:45.293 [main] INFO  a.f.a.t.p.p.ConfigurationPassImpl -   > Set an invariant to Inv
20:06:45.301 [main] DEBUG a.f.a.i.p.PassChainExecutor - PASS #2: ConfigurationPass [OK]
20:06:45.301 [main] INFO  a.f.a.i.p.PassChainExecutor - PASS #3: DesugarerPass
20:06:45.302 [main] INFO  a.f.a.t.p.p.DesugarerPassImpl -   > Desugaring...
20:06:45.323 [main] DEBUG a.f.a.i.p.PassChainExecutor - PASS #3: DesugarerPass [OK]
20:06:45.324 [main] INFO  a.f.a.i.p.PassChainExecutor - PASS #4: UnrollPass
20:06:45.348 [main] INFO  a.f.a.t.p.p.UnrollPassImpl -   > Unroller
20:06:45.359 [main] DEBUG a.f.a.i.p.PassChainExecutor - PASS #4: UnrollPass [OK]
20:06:45.365 [main] INFO  a.f.a.i.p.PassChainExecutor - PASS #5: InlinePass
20:06:45.368 [main] INFO  a.f.a.t.p.p.InlinePassImpl -   > InlinerOfUserOper
20:06:45.378 [main] INFO  a.f.a.t.p.p.InlinePassImpl -   > Wrap
20:06:45.381 [main] INFO  a.f.a.t.p.p.InlinePassImpl -   > CallByNameOperatorEmbedder
20:06:45.383 [main] INFO  a.f.a.t.p.p.InlinePassImpl -   > LetInExpander
20:06:45.385 [main] INFO  a.f.a.t.p.p.InlinePassImpl -   > Unwrap
20:06:45.386 [main] INFO  a.f.a.t.p.p.InlinePassImpl -   > InlinerOfUserOper
20:06:45.393 [main] INFO  a.f.a.t.p.p.InlinePassImpl - Leaving only relevant operators: CInit4, CInit4Primed, Init, InitPrimed, Inv, Next
20:06:45.401 [main] DEBUG a.f.a.i.p.PassChainExecutor - PASS #5: InlinePass [OK]
20:06:45.401 [main] INFO  a.f.a.i.p.PassChainExecutor - PASS #6: PrimingPass
20:06:45.404 [main] INFO  a.f.a.t.a.p.PrimingPassImpl -   > Introducing CInit4Primed for CInit4'
20:06:45.405 [main] INFO  a.f.a.t.a.p.PrimingPassImpl -   > Introducing InitPrimed for Init'
20:06:45.406 [main] DEBUG a.f.a.i.p.PassChainExecutor - PASS #6: PrimingPass [OK]
20:06:45.408 [main] INFO  a.f.a.i.p.PassChainExecutor - PASS #7: VCGen
20:06:45.409 [main] INFO  a.f.a.t.b.p.VCGenPassImpl -   > Producing verification conditions from the invariant Inv
20:06:45.418 [main] INFO  a.f.a.t.b.VCGenerator -   > VCGen produced 1 verification condition(s)
20:06:45.420 [main] DEBUG a.f.a.i.p.PassChainExecutor - PASS #7: VCGen [OK]
20:06:45.420 [main] INFO  a.f.a.i.p.PassChainExecutor - PASS #8: PreprocessingPass
20:06:45.425 [main] INFO  a.f.a.t.p.p.PreproPassImpl -   > Before preprocessing: unique renaming
20:06:45.433 [main] INFO  a.f.a.t.p.p.PreproPassImpl -  > Applying standard transformations:
20:06:45.434 [main] INFO  a.f.a.t.p.p.PreproPassImpl -   > PrimePropagation
20:06:45.436 [main] INFO  a.f.a.t.p.p.PreproPassImpl -   > Desugarer
20:06:45.438 [main] INFO  a.f.a.t.p.p.PreproPassImpl -   > UniqueRenamer
20:06:45.445 [main] INFO  a.f.a.t.p.p.PreproPassImpl -   > Normalizer
20:06:45.450 [main] INFO  a.f.a.t.p.p.PreproPassImpl -   > Keramelizer
20:06:45.458 [main] INFO  a.f.a.t.p.p.PreproPassImpl -   > After preprocessing: UniqueRenamer
20:06:45.467 [main] DEBUG a.f.a.i.p.PassChainExecutor - PASS #8: PreprocessingPass [OK]
20:06:45.468 [main] INFO  a.f.a.i.p.PassChainExecutor - PASS #9: TransitionFinderPass
20:06:45.496 [main] INFO  a.f.a.t.a.p.TransitionPassImpl -   > Found 1 initializing transitions
20:06:45.508 [main] INFO  a.f.a.t.a.p.TransitionPassImpl -   > Found 3 transitions
20:06:45.509 [main] INFO  a.f.a.t.a.p.TransitionPassImpl -   > Found constant initializer CInit4
20:06:45.510 [main] INFO  a.f.a.t.a.p.TransitionPassImpl -   > Applying unique renaming
20:06:45.516 [main] DEBUG a.f.a.i.p.PassChainExecutor - PASS #9: TransitionFinderPass [OK]
20:06:45.519 [main] INFO  a.f.a.i.p.PassChainExecutor - PASS #10: OptimizationPass
20:06:45.524 [main] INFO  a.f.a.t.p.p.OptPassImpl -  > Applying optimizations:
20:06:45.525 [main] INFO  a.f.a.t.p.p.OptPassImpl -   > ConstSimplifier
20:06:45.534 [main] INFO  a.f.a.t.p.p.OptPassImpl -   > ExprOptimizer
20:06:45.536 [main] INFO  a.f.a.t.p.p.OptPassImpl -   > ConstSimplifier
20:06:45.539 [main] DEBUG a.f.a.i.p.PassChainExecutor - PASS #10: OptimizationPass [OK]
20:06:45.539 [main] INFO  a.f.a.i.p.PassChainExecutor - PASS #11: AnalysisPass
20:06:45.543 [main] INFO  a.f.a.t.b.p.AnalysisPassImpl -  > Marking skolemizable existentials and sets to be expanded...
20:06:45.543 [main] INFO  a.f.a.t.b.p.AnalysisPassImpl -   > Skolemization
20:06:45.544 [main] INFO  a.f.a.t.b.p.AnalysisPassImpl -   > Expansion
20:06:45.547 [main] INFO  a.f.a.t.b.p.AnalysisPassImpl -   > Remove unused let-in defs
20:06:45.552 [main] INFO  a.f.a.t.b.p.AnalysisPassImpl -  > Running analyzers...
20:06:45.558 [main] INFO  a.f.a.t.b.p.AnalysisPassImpl -   > Introduced expression grades
20:06:45.559 [main] INFO  a.f.a.t.b.p.AnalysisPassImpl -   > Introduced 2 formula hints
20:06:45.559 [main] DEBUG a.f.a.i.p.PassChainExecutor - PASS #11: AnalysisPass [OK]
20:06:45.559 [main] INFO  a.f.a.i.p.PassChainExecutor - PASS #12: PostTypeCheckerSnowcat
20:06:45.559 [main] INFO  a.f.a.t.b.p.PostTypeCheckerPassImpl -  > Running Snowcat .::.
20:06:45.786 [main] INFO  a.f.a.t.b.p.PostTypeCheckerPassImpl -  > Your types are great!
20:06:45.787 [main] INFO  a.f.a.t.b.p.PostTypeCheckerPassImpl -  > All expressions are typed
20:06:45.787 [main] DEBUG a.f.a.i.p.PassChainExecutor - PASS #12: PostTypeCheckerSnowcat [OK]
20:06:45.787 [main] INFO  a.f.a.i.p.PassChainExecutor - PASS #13: BoundedChecker
20:06:46.222 [main] DEBUG a.f.a.t.b.t.TransitionExecutorImpl - Initializing CONSTANTS
20:06:46.296 [main] DEBUG a.f.a.t.b.t.TransitionExecutorImpl - Step #0, transition #0
20:06:46.300 [main] DEBUG a.f.a.t.b.t.TransitionExecutorImpl - Translating to SMT...
20:06:46.378 [main] DEBUG a.f.a.t.b.SeqModelChecker - Step 0: Transition #0. Is it enabled?
20:06:46.380 [main] DEBUG a.f.a.t.b.SeqModelChecker - Step 0: Transition #0 is enabled
20:06:46.381 [main] INFO  a.f.a.t.b.SeqModelChecker - State 0: Checking 1 state invariants
20:06:46.383 [main] DEBUG a.f.a.t.b.SeqModelChecker - State 0: Checking state invariant 0
20:06:46.411 [main] INFO  a.f.a.t.b.t.TransitionExecutorImpl - Step 0: picking a transition out of 1 transition(s)
20:06:46.438 [main] DEBUG a.f.a.t.b.t.TransitionExecutorImpl - Step #1, transition #0
20:06:46.440 [main] DEBUG a.f.a.t.b.t.TransitionExecutorImpl - Translating to SMT...
20:06:46.536 [main] DEBUG a.f.a.t.b.SeqModelChecker - Step 1: Transition #0. Is it enabled?
20:06:46.537 [main] DEBUG a.f.a.t.b.SeqModelChecker - Step 1: Transition #0 is enabled
20:06:46.537 [main] INFO  a.f.a.t.b.SeqModelChecker - State 1: Checking 1 state invariants
20:06:46.537 [main] DEBUG a.f.a.t.b.SeqModelChecker - State 1: Checking state invariant 0
20:06:46.542 [main] DEBUG a.f.a.t.b.t.TransitionExecutorImpl - Step #1, transition #1
20:06:46.542 [main] DEBUG a.f.a.t.b.t.TransitionExecutorImpl - Translating to SMT...
20:06:46.554 [main] DEBUG a.f.a.t.b.t.TransitionExecutorImpl - Transition 1 produces partial assignment. Disabled.
20:06:46.564 [main] DEBUG a.f.a.t.b.t.TransitionExecutorImpl - Step #1, transition #2
20:06:46.564 [main] DEBUG a.f.a.t.b.t.TransitionExecutorImpl - Translating to SMT...
20:06:46.571 [main] DEBUG a.f.a.t.b.t.TransitionExecutorImpl - Transition 2 produces partial assignment. Disabled.
20:06:46.571 [main] INFO  a.f.a.t.b.t.TransitionExecutorImpl - Step 1: picking a transition out of 1 transition(s)
20:06:46.572 [main] DEBUG a.f.a.t.b.t.TransitionExecutorImpl - Step #2, transition #0
20:06:46.572 [main] DEBUG a.f.a.t.b.t.TransitionExecutorImpl - Translating to SMT...
20:06:46.612 [main] DEBUG a.f.a.t.b.SeqModelChecker - Step 2: Transition #0. Is it enabled?
20:06:46.612 [main] DEBUG a.f.a.t.b.SeqModelChecker - Step 2: Transition #0 is enabled
20:06:46.613 [main] INFO  a.f.a.t.b.SeqModelChecker - State 2: Checking 1 state invariants
20:06:46.613 [main] DEBUG a.f.a.t.b.SeqModelChecker - State 2: Checking state invariant 0
20:06:46.628 [main] DEBUG a.f.a.t.b.t.TransitionExecutorImpl - Step #2, transition #1
20:06:46.628 [main] DEBUG a.f.a.t.b.t.TransitionExecutorImpl - Translating to SMT...
20:06:46.651 [main] DEBUG a.f.a.t.b.SeqModelChecker - Step 2: Transition #1. Is it enabled?
20:06:46.651 [main] DEBUG a.f.a.t.b.SeqModelChecker - Step 2: Transition #1 is enabled
20:06:46.652 [main] INFO  a.f.a.t.b.SeqModelChecker - State 2: Checking 1 state invariants
20:06:46.652 [main] DEBUG a.f.a.t.b.SeqModelChecker - State 2: Checking state invariant 0
20:06:46.663 [main] DEBUG a.f.a.t.b.t.TransitionExecutorImpl - Step #2, transition #2
20:06:46.663 [main] DEBUG a.f.a.t.b.t.TransitionExecutorImpl - Translating to SMT...
20:06:46.696 [main] DEBUG a.f.a.t.b.SeqModelChecker - Step 2: Transition #2. Is it enabled?
20:06:46.697 [main] DEBUG a.f.a.t.b.SeqModelChecker - Step 2: Transition #2 is enabled
20:06:46.698 [main] INFO  a.f.a.t.b.SeqModelChecker - State 2: Checking 1 state invariants
20:06:46.698 [main] DEBUG a.f.a.t.b.SeqModelChecker - State 2: Checking state invariant 0
20:06:46.716 [main] INFO  a.f.a.t.b.t.TransitionExecutorImpl - Step 2: picking a transition out of 3 transition(s)
20:06:46.755 [main] DEBUG a.f.a.t.b.t.TransitionExecutorImpl - Step #3, transition #0
20:06:46.755 [main] DEBUG a.f.a.t.b.t.TransitionExecutorImpl - Translating to SMT...
20:06:46.800 [main] DEBUG a.f.a.t.b.SeqModelChecker - Step 3: Transition #0. Is it enabled?
20:06:46.800 [main] DEBUG a.f.a.t.b.SeqModelChecker - Step 3: Transition #0 is enabled
20:06:46.800 [main] INFO  a.f.a.t.b.SeqModelChecker - State 3: Checking 1 state invariants
20:06:46.800 [main] DEBUG a.f.a.t.b.SeqModelChecker - State 3: Checking state invariant 0
20:06:46.808 [main] DEBUG a.f.a.t.b.t.TransitionExecutorImpl - Step #3, transition #1
20:06:46.808 [main] DEBUG a.f.a.t.b.t.TransitionExecutorImpl - Translating to SMT...
20:06:46.837 [main] DEBUG a.f.a.t.b.SeqModelChecker - Step 3: Transition #1. Is it enabled?
20:06:46.837 [main] DEBUG a.f.a.t.b.SeqModelChecker - Step 3: Transition #1 is enabled
20:06:46.838 [main] INFO  a.f.a.t.b.SeqModelChecker - State 3: Checking 1 state invariants
20:06:46.842 [main] DEBUG a.f.a.t.b.SeqModelChecker - State 3: Checking state invariant 0
20:06:46.846 [main] DEBUG a.f.a.t.b.t.TransitionExecutorImpl - Step #3, transition #2
20:06:46.846 [main] DEBUG a.f.a.t.b.t.TransitionExecutorImpl - Translating to SMT...
20:06:46.873 [main] DEBUG a.f.a.t.b.SeqModelChecker - Step 3: Transition #2. Is it enabled?
20:06:46.873 [main] DEBUG a.f.a.t.b.SeqModelChecker - Step 3: Transition #2 is enabled
20:06:46.875 [main] INFO  a.f.a.t.b.SeqModelChecker - State 3: Checking 1 state invariants
20:06:46.875 [main] DEBUG a.f.a.t.b.SeqModelChecker - State 3: Checking state invariant 0
20:06:46.878 [main] INFO  a.f.a.t.b.t.TransitionExecutorImpl - Step 3: picking a transition out of 3 transition(s)
20:06:46.902 [main] DEBUG a.f.a.t.b.t.TransitionExecutorImpl - Step #4, transition #0
20:06:46.902 [main] DEBUG a.f.a.t.b.t.TransitionExecutorImpl - Translating to SMT...
20:06:46.920 [main] DEBUG a.f.a.t.b.SeqModelChecker - Step 4: Transition #0. Is it enabled?
20:06:46.936 [main] DEBUG a.f.a.t.b.SeqModelChecker - Step 4: Transition #0 is enabled
20:06:46.936 [main] INFO  a.f.a.t.b.SeqModelChecker - State 4: Checking 1 state invariants
20:06:46.937 [main] DEBUG a.f.a.t.b.SeqModelChecker - State 4: Checking state invariant 0
20:06:46.942 [main] DEBUG a.f.a.t.b.t.TransitionExecutorImpl - Step #4, transition #1
20:06:46.942 [main] DEBUG a.f.a.t.b.t.TransitionExecutorImpl - Translating to SMT...
20:06:46.950 [main] DEBUG a.f.a.t.b.SeqModelChecker - Step 4: Transition #1. Is it enabled?
20:06:46.951 [main] DEBUG a.f.a.t.b.SeqModelChecker - Step 4: Transition #1 is enabled
20:06:46.951 [main] INFO  a.f.a.t.b.SeqModelChecker - State 4: Checking 1 state invariants
20:06:46.951 [main] DEBUG a.f.a.t.b.SeqModelChecker - State 4: Checking state invariant 0
20:06:46.955 [main] DEBUG a.f.a.t.b.t.TransitionExecutorImpl - Step #4, transition #2
20:06:46.955 [main] DEBUG a.f.a.t.b.t.TransitionExecutorImpl - Translating to SMT...
20:06:46.960 [main] DEBUG a.f.a.t.b.SeqModelChecker - Step 4: Transition #2. Is it enabled?
20:06:46.961 [main] DEBUG a.f.a.t.b.SeqModelChecker - Step 4: Transition #2 is enabled
20:06:46.961 [main] INFO  a.f.a.t.b.SeqModelChecker - State 4: Checking 1 state invariants
20:06:46.961 [main] DEBUG a.f.a.t.b.SeqModelChecker - State 4: Checking state invariant 0
20:06:46.964 [main] INFO  a.f.a.t.b.t.TransitionExecutorImpl - Step 4: picking a transition out of 3 transition(s)
20:06:46.983 [main] INFO  a.f.a.t.b.p.BoundedCheckerPassImpl - The outcome is: NoError
20:06:46.984 [main] DEBUG a.f.a.i.p.PassChainExecutor - PASS #13: BoundedChecker [OK]
20:06:46.984 [main] INFO  a.f.a.i.p.PassChainExecutor - PASS #14: Terminal
20:06:46.984 [main] DEBUG a.f.a.i.p.PassChainExecutor - PASS #14: Terminal [OK]
20:06:46.984 [main] INFO  a.f.a.t.Tool$ - Checker reports no error up to computation length 4
20:06:46.987 [main] INFO  a.f.a.t.Tool$ - It took me 0 days  0 hours  0 min  3 sec
20:06:46.987 [main] INFO  a.f.a.t.Tool$ - Total time: 3.335 sec
