20:06:56.947 [main] INFO  a.f.a.t.Tool$ - Checker options: filename=SetSndRcv.tla, init=Init, next=Next, inv=Inv
20:06:56.952 [main] INFO  a.f.a.t.Tool$ - Tuning: 
20:06:56.955 [main] INFO  a.f.a.i.p.PassChainExecutor - PASS #0: SanyParser
20:06:58.332 [main] DEBUG a.f.a.i.p.PassChainExecutor - PASS #0: SanyParser [OK]
20:06:58.333 [main] INFO  a.f.a.i.p.PassChainExecutor - PASS #1: TypeCheckerSnowcat
20:06:58.334 [main] INFO  a.f.a.t.t.p.EtcTypeCheckerPassImpl -  > Running Snowcat .::.
20:06:59.015 [main] INFO  a.f.a.t.t.p.EtcTypeCheckerPassImpl -  > Your types are great!
20:06:59.015 [main] INFO  a.f.a.t.t.p.EtcTypeCheckerPassImpl -  > All expressions are typed
20:06:59.015 [main] DEBUG a.f.a.i.p.PassChainExecutor - PASS #1: TypeCheckerSnowcat [OK]
20:06:59.016 [main] INFO  a.f.a.i.p.PassChainExecutor - PASS #2: ConfigurationPass
20:06:59.028 [main] INFO  a.f.a.t.p.p.ConfigurationPassImpl -   > SetSndRcv.cfg: Loading TLC configuration
20:06:59.035 [main] INFO  a.f.a.t.p.p.ConfigurationPassImpl -   > No TLC configuration found. Skipping.
20:06:59.048 [main] INFO  a.f.a.t.p.p.ConfigurationPassImpl -   > Set the initialization predicate to Init
20:06:59.049 [main] INFO  a.f.a.t.p.p.ConfigurationPassImpl -   > Set the constant initialization predicate to CInit12
20:06:59.056 [main] INFO  a.f.a.t.p.p.ConfigurationPassImpl -   > Set the transition predicate to Next
20:06:59.057 [main] INFO  a.f.a.t.p.p.ConfigurationPassImpl -   > Set an invariant to Inv
20:06:59.076 [main] DEBUG a.f.a.i.p.PassChainExecutor - PASS #2: ConfigurationPass [OK]
20:06:59.077 [main] INFO  a.f.a.i.p.PassChainExecutor - PASS #3: DesugarerPass
20:06:59.077 [main] INFO  a.f.a.t.p.p.DesugarerPassImpl -   > Desugaring...
20:06:59.122 [main] DEBUG a.f.a.i.p.PassChainExecutor - PASS #3: DesugarerPass [OK]
20:06:59.123 [main] INFO  a.f.a.i.p.PassChainExecutor - PASS #4: UnrollPass
20:06:59.190 [main] INFO  a.f.a.t.p.p.UnrollPassImpl -   > Unroller
20:06:59.212 [main] DEBUG a.f.a.i.p.PassChainExecutor - PASS #4: UnrollPass [OK]
20:06:59.213 [main] INFO  a.f.a.i.p.PassChainExecutor - PASS #5: InlinePass
20:06:59.217 [main] INFO  a.f.a.t.p.p.InlinePassImpl -   > InlinerOfUserOper
20:06:59.241 [main] INFO  a.f.a.t.p.p.InlinePassImpl -   > Wrap
20:06:59.244 [main] INFO  a.f.a.t.p.p.InlinePassImpl -   > CallByNameOperatorEmbedder
20:06:59.255 [main] INFO  a.f.a.t.p.p.InlinePassImpl -   > LetInExpander
20:06:59.257 [main] INFO  a.f.a.t.p.p.InlinePassImpl -   > Unwrap
20:06:59.258 [main] INFO  a.f.a.t.p.p.InlinePassImpl -   > InlinerOfUserOper
20:06:59.273 [main] INFO  a.f.a.t.p.p.InlinePassImpl - Leaving only relevant operators: CInit12, CInit12Primed, Init, InitPrimed, Inv, Next
20:06:59.284 [main] DEBUG a.f.a.i.p.PassChainExecutor - PASS #5: InlinePass [OK]
20:06:59.284 [main] INFO  a.f.a.i.p.PassChainExecutor - PASS #6: PrimingPass
20:06:59.296 [main] INFO  a.f.a.t.a.p.PrimingPassImpl -   > Introducing CInit12Primed for CInit12'
20:06:59.298 [main] INFO  a.f.a.t.a.p.PrimingPassImpl -   > Introducing InitPrimed for Init'
20:06:59.300 [main] DEBUG a.f.a.i.p.PassChainExecutor - PASS #6: PrimingPass [OK]
20:06:59.301 [main] INFO  a.f.a.i.p.PassChainExecutor - PASS #7: VCGen
20:06:59.311 [main] INFO  a.f.a.t.b.p.VCGenPassImpl -   > Producing verification conditions from the invariant Inv
20:06:59.331 [main] INFO  a.f.a.t.b.VCGenerator -   > VCGen produced 1 verification condition(s)
20:06:59.334 [main] DEBUG a.f.a.i.p.PassChainExecutor - PASS #7: VCGen [OK]
20:06:59.334 [main] INFO  a.f.a.i.p.PassChainExecutor - PASS #8: PreprocessingPass
20:06:59.344 [main] INFO  a.f.a.t.p.p.PreproPassImpl -   > Before preprocessing: unique renaming
20:06:59.353 [main] INFO  a.f.a.t.p.p.PreproPassImpl -  > Applying standard transformations:
20:06:59.361 [main] INFO  a.f.a.t.p.p.PreproPassImpl -   > PrimePropagation
20:06:59.365 [main] INFO  a.f.a.t.p.p.PreproPassImpl -   > Desugarer
20:06:59.367 [main] INFO  a.f.a.t.p.p.PreproPassImpl -   > UniqueRenamer
20:06:59.382 [main] INFO  a.f.a.t.p.p.PreproPassImpl -   > Normalizer
20:06:59.394 [main] INFO  a.f.a.t.p.p.PreproPassImpl -   > Keramelizer
20:06:59.403 [main] INFO  a.f.a.t.p.p.PreproPassImpl -   > After preprocessing: UniqueRenamer
20:06:59.435 [main] DEBUG a.f.a.i.p.PassChainExecutor - PASS #8: PreprocessingPass [OK]
20:06:59.436 [main] INFO  a.f.a.i.p.PassChainExecutor - PASS #9: TransitionFinderPass
20:06:59.506 [main] INFO  a.f.a.t.a.p.TransitionPassImpl -   > Found 1 initializing transitions
20:06:59.528 [main] INFO  a.f.a.t.a.p.TransitionPassImpl -   > Found 3 transitions
20:06:59.536 [main] INFO  a.f.a.t.a.p.TransitionPassImpl -   > Found constant initializer CInit12
20:06:59.544 [main] INFO  a.f.a.t.a.p.TransitionPassImpl -   > Applying unique renaming
20:06:59.552 [main] DEBUG a.f.a.i.p.PassChainExecutor - PASS #9: TransitionFinderPass [OK]
20:06:59.561 [main] INFO  a.f.a.i.p.PassChainExecutor - PASS #10: OptimizationPass
20:06:59.569 [main] INFO  a.f.a.t.p.p.OptPassImpl -  > Applying optimizations:
20:06:59.577 [main] INFO  a.f.a.t.p.p.OptPassImpl -   > ConstSimplifier
20:06:59.592 [main] INFO  a.f.a.t.p.p.OptPassImpl -   > ExprOptimizer
20:06:59.594 [main] INFO  a.f.a.t.p.p.OptPassImpl -   > ConstSimplifier
20:06:59.606 [main] DEBUG a.f.a.i.p.PassChainExecutor - PASS #10: OptimizationPass [OK]
20:06:59.607 [main] INFO  a.f.a.i.p.PassChainExecutor - PASS #11: AnalysisPass
20:06:59.612 [main] INFO  a.f.a.t.b.p.AnalysisPassImpl -  > Marking skolemizable existentials and sets to be expanded...
20:06:59.613 [main] INFO  a.f.a.t.b.p.AnalysisPassImpl -   > Skolemization
20:06:59.616 [main] INFO  a.f.a.t.b.p.AnalysisPassImpl -   > Expansion
20:06:59.619 [main] INFO  a.f.a.t.b.p.AnalysisPassImpl -   > Remove unused let-in defs
20:06:59.632 [main] INFO  a.f.a.t.b.p.AnalysisPassImpl -  > Running analyzers...
20:06:59.637 [main] INFO  a.f.a.t.b.p.AnalysisPassImpl -   > Introduced expression grades
20:06:59.644 [main] INFO  a.f.a.t.b.p.AnalysisPassImpl -   > Introduced 2 formula hints
20:06:59.645 [main] DEBUG a.f.a.i.p.PassChainExecutor - PASS #11: AnalysisPass [OK]
20:06:59.645 [main] INFO  a.f.a.i.p.PassChainExecutor - PASS #12: PostTypeCheckerSnowcat
20:06:59.645 [main] INFO  a.f.a.t.b.p.PostTypeCheckerPassImpl -  > Running Snowcat .::.
20:07:00.030 [main] INFO  a.f.a.t.b.p.PostTypeCheckerPassImpl -  > Your types are great!
20:07:00.030 [main] INFO  a.f.a.t.b.p.PostTypeCheckerPassImpl -  > All expressions are typed
20:07:00.031 [main] DEBUG a.f.a.i.p.PassChainExecutor - PASS #12: PostTypeCheckerSnowcat [OK]
20:07:00.031 [main] INFO  a.f.a.i.p.PassChainExecutor - PASS #13: BoundedChecker
20:07:00.531 [main] DEBUG a.f.a.t.b.t.TransitionExecutorImpl - Initializing CONSTANTS
20:07:00.618 [main] DEBUG a.f.a.t.b.t.TransitionExecutorImpl - Step #0, transition #0
20:07:00.622 [main] DEBUG a.f.a.t.b.t.TransitionExecutorImpl - Translating to SMT...
20:07:00.699 [main] DEBUG a.f.a.t.b.SeqModelChecker - Step 0: Transition #0. Is it enabled?
20:07:00.702 [main] DEBUG a.f.a.t.b.SeqModelChecker - Step 0: Transition #0 is enabled
20:07:00.706 [main] INFO  a.f.a.t.b.SeqModelChecker - State 0: Checking 1 state invariants
20:07:00.708 [main] DEBUG a.f.a.t.b.SeqModelChecker - State 0: Checking state invariant 0
20:07:00.742 [main] INFO  a.f.a.t.b.t.TransitionExecutorImpl - Step 0: picking a transition out of 1 transition(s)
20:07:00.758 [main] DEBUG a.f.a.t.b.t.TransitionExecutorImpl - Step #1, transition #0
20:07:00.761 [main] DEBUG a.f.a.t.b.t.TransitionExecutorImpl - Translating to SMT...
20:07:00.905 [main] DEBUG a.f.a.t.b.SeqModelChecker - Step 1: Transition #0. Is it enabled?
20:07:00.905 [main] DEBUG a.f.a.t.b.SeqModelChecker - Step 1: Transition #0 is enabled
20:07:00.905 [main] INFO  a.f.a.t.b.SeqModelChecker - State 1: Checking 1 state invariants
20:07:00.906 [main] DEBUG a.f.a.t.b.SeqModelChecker - State 1: Checking state invariant 0
20:07:00.921 [main] DEBUG a.f.a.t.b.t.TransitionExecutorImpl - Step #1, transition #1
20:07:00.921 [main] DEBUG a.f.a.t.b.t.TransitionExecutorImpl - Translating to SMT...
20:07:00.930 [main] DEBUG a.f.a.t.b.t.TransitionExecutorImpl - Transition 1 produces partial assignment. Disabled.
20:07:00.931 [main] DEBUG a.f.a.t.b.t.TransitionExecutorImpl - Step #1, transition #2
20:07:00.931 [main] DEBUG a.f.a.t.b.t.TransitionExecutorImpl - Translating to SMT...
20:07:00.936 [main] DEBUG a.f.a.t.b.t.TransitionExecutorImpl - Transition 2 produces partial assignment. Disabled.
20:07:00.936 [main] INFO  a.f.a.t.b.t.TransitionExecutorImpl - Step 1: picking a transition out of 1 transition(s)
20:07:00.945 [main] DEBUG a.f.a.t.b.t.TransitionExecutorImpl - Step #2, transition #0
20:07:00.945 [main] DEBUG a.f.a.t.b.t.TransitionExecutorImpl - Translating to SMT...
20:07:01.020 [main] DEBUG a.f.a.t.b.SeqModelChecker - Step 2: Transition #0. Is it enabled?
20:07:01.021 [main] DEBUG a.f.a.t.b.SeqModelChecker - Step 2: Transition #0 is enabled
20:07:01.021 [main] INFO  a.f.a.t.b.SeqModelChecker - State 2: Checking 1 state invariants
20:07:01.021 [main] DEBUG a.f.a.t.b.SeqModelChecker - State 2: Checking state invariant 0
20:07:01.032 [main] DEBUG a.f.a.t.b.t.TransitionExecutorImpl - Step #2, transition #1
20:07:01.032 [main] DEBUG a.f.a.t.b.t.TransitionExecutorImpl - Translating to SMT...
20:07:01.049 [main] DEBUG a.f.a.t.b.SeqModelChecker - Step 2: Transition #1. Is it enabled?
20:07:01.050 [main] DEBUG a.f.a.t.b.SeqModelChecker - Step 2: Transition #1 is enabled
20:07:01.050 [main] INFO  a.f.a.t.b.SeqModelChecker - State 2: Checking 1 state invariants
20:07:01.050 [main] DEBUG a.f.a.t.b.SeqModelChecker - State 2: Checking state invariant 0
20:07:01.055 [main] DEBUG a.f.a.t.b.t.TransitionExecutorImpl - Step #2, transition #2
20:07:01.055 [main] DEBUG a.f.a.t.b.t.TransitionExecutorImpl - Translating to SMT...
20:07:01.080 [main] DEBUG a.f.a.t.b.SeqModelChecker - Step 2: Transition #2. Is it enabled?
20:07:01.081 [main] DEBUG a.f.a.t.b.SeqModelChecker - Step 2: Transition #2 is enabled
20:07:01.081 [main] INFO  a.f.a.t.b.SeqModelChecker - State 2: Checking 1 state invariants
20:07:01.081 [main] DEBUG a.f.a.t.b.SeqModelChecker - State 2: Checking state invariant 0
20:07:01.086 [main] INFO  a.f.a.t.b.t.TransitionExecutorImpl - Step 2: picking a transition out of 3 transition(s)
20:07:01.143 [main] DEBUG a.f.a.t.b.t.TransitionExecutorImpl - Step #3, transition #0
20:07:01.143 [main] DEBUG a.f.a.t.b.t.TransitionExecutorImpl - Translating to SMT...
20:07:01.178 [main] DEBUG a.f.a.t.b.SeqModelChecker - Step 3: Transition #0. Is it enabled?
20:07:01.179 [main] DEBUG a.f.a.t.b.SeqModelChecker - Step 3: Transition #0 is enabled
20:07:01.179 [main] INFO  a.f.a.t.b.SeqModelChecker - State 3: Checking 1 state invariants
20:07:01.179 [main] DEBUG a.f.a.t.b.SeqModelChecker - State 3: Checking state invariant 0
20:07:01.191 [main] DEBUG a.f.a.t.b.t.TransitionExecutorImpl - Step #3, transition #1
20:07:01.191 [main] DEBUG a.f.a.t.b.t.TransitionExecutorImpl - Translating to SMT...
20:07:01.204 [main] DEBUG a.f.a.t.b.SeqModelChecker - Step 3: Transition #1. Is it enabled?
20:07:01.205 [main] DEBUG a.f.a.t.b.SeqModelChecker - Step 3: Transition #1 is enabled
20:07:01.206 [main] INFO  a.f.a.t.b.SeqModelChecker - State 3: Checking 1 state invariants
20:07:01.209 [main] DEBUG a.f.a.t.b.SeqModelChecker - State 3: Checking state invariant 0
20:07:01.216 [main] DEBUG a.f.a.t.b.t.TransitionExecutorImpl - Step #3, transition #2
20:07:01.216 [main] DEBUG a.f.a.t.b.t.TransitionExecutorImpl - Translating to SMT...
20:07:01.227 [main] DEBUG a.f.a.t.b.SeqModelChecker - Step 3: Transition #2. Is it enabled?
20:07:01.235 [main] DEBUG a.f.a.t.b.SeqModelChecker - Step 3: Transition #2 is enabled
20:07:01.235 [main] INFO  a.f.a.t.b.SeqModelChecker - State 3: Checking 1 state invariants
20:07:01.235 [main] DEBUG a.f.a.t.b.SeqModelChecker - State 3: Checking state invariant 0
20:07:01.239 [main] INFO  a.f.a.t.b.t.TransitionExecutorImpl - Step 3: picking a transition out of 3 transition(s)
20:07:01.259 [main] DEBUG a.f.a.t.b.t.TransitionExecutorImpl - Step #4, transition #0
20:07:01.260 [main] DEBUG a.f.a.t.b.t.TransitionExecutorImpl - Translating to SMT...
20:07:01.292 [main] DEBUG a.f.a.t.b.SeqModelChecker - Step 4: Transition #0. Is it enabled?
20:07:01.293 [main] DEBUG a.f.a.t.b.SeqModelChecker - Step 4: Transition #0 is enabled
20:07:01.293 [main] INFO  a.f.a.t.b.SeqModelChecker - State 4: Checking 1 state invariants
20:07:01.295 [main] DEBUG a.f.a.t.b.SeqModelChecker - State 4: Checking state invariant 0
20:07:01.298 [main] DEBUG a.f.a.t.b.t.TransitionExecutorImpl - Step #4, transition #1
20:07:01.299 [main] DEBUG a.f.a.t.b.t.TransitionExecutorImpl - Translating to SMT...
20:07:01.308 [main] DEBUG a.f.a.t.b.SeqModelChecker - Step 4: Transition #1. Is it enabled?
20:07:01.310 [main] DEBUG a.f.a.t.b.SeqModelChecker - Step 4: Transition #1 is enabled
20:07:01.311 [main] INFO  a.f.a.t.b.SeqModelChecker - State 4: Checking 1 state invariants
20:07:01.312 [main] DEBUG a.f.a.t.b.SeqModelChecker - State 4: Checking state invariant 0
20:07:01.328 [main] DEBUG a.f.a.t.b.t.TransitionExecutorImpl - Step #4, transition #2
20:07:01.328 [main] DEBUG a.f.a.t.b.t.TransitionExecutorImpl - Translating to SMT...
20:07:01.339 [main] DEBUG a.f.a.t.b.SeqModelChecker - Step 4: Transition #2. Is it enabled?
20:07:01.340 [main] DEBUG a.f.a.t.b.SeqModelChecker - Step 4: Transition #2 is enabled
20:07:01.340 [main] INFO  a.f.a.t.b.SeqModelChecker - State 4: Checking 1 state invariants
20:07:01.340 [main] DEBUG a.f.a.t.b.SeqModelChecker - State 4: Checking state invariant 0
20:07:01.344 [main] INFO  a.f.a.t.b.t.TransitionExecutorImpl - Step 4: picking a transition out of 3 transition(s)
20:07:01.365 [main] DEBUG a.f.a.t.b.t.TransitionExecutorImpl - Step #5, transition #0
20:07:01.365 [main] DEBUG a.f.a.t.b.t.TransitionExecutorImpl - Translating to SMT...
20:07:01.390 [main] DEBUG a.f.a.t.b.SeqModelChecker - Step 5: Transition #0. Is it enabled?
20:07:01.391 [main] DEBUG a.f.a.t.b.SeqModelChecker - Step 5: Transition #0 is enabled
20:07:01.391 [main] INFO  a.f.a.t.b.SeqModelChecker - State 5: Checking 1 state invariants
20:07:01.391 [main] DEBUG a.f.a.t.b.SeqModelChecker - State 5: Checking state invariant 0
20:07:01.396 [main] DEBUG a.f.a.t.b.t.TransitionExecutorImpl - Step #5, transition #1
20:07:01.396 [main] DEBUG a.f.a.t.b.t.TransitionExecutorImpl - Translating to SMT...
20:07:01.414 [main] DEBUG a.f.a.t.b.SeqModelChecker - Step 5: Transition #1. Is it enabled?
20:07:01.414 [main] DEBUG a.f.a.t.b.SeqModelChecker - Step 5: Transition #1 is enabled
20:07:01.415 [main] INFO  a.f.a.t.b.SeqModelChecker - State 5: Checking 1 state invariants
20:07:01.415 [main] DEBUG a.f.a.t.b.SeqModelChecker - State 5: Checking state invariant 0
20:07:01.422 [main] DEBUG a.f.a.t.b.t.TransitionExecutorImpl - Step #5, transition #2
20:07:01.422 [main] DEBUG a.f.a.t.b.t.TransitionExecutorImpl - Translating to SMT...
20:07:01.430 [main] DEBUG a.f.a.t.b.SeqModelChecker - Step 5: Transition #2. Is it enabled?
20:07:01.431 [main] DEBUG a.f.a.t.b.SeqModelChecker - Step 5: Transition #2 is enabled
20:07:01.432 [main] INFO  a.f.a.t.b.SeqModelChecker - State 5: Checking 1 state invariants
20:07:01.432 [main] DEBUG a.f.a.t.b.SeqModelChecker - State 5: Checking state invariant 0
20:07:01.437 [main] INFO  a.f.a.t.b.t.TransitionExecutorImpl - Step 5: picking a transition out of 3 transition(s)
20:07:01.468 [main] DEBUG a.f.a.t.b.t.TransitionExecutorImpl - Step #6, transition #0
20:07:01.468 [main] DEBUG a.f.a.t.b.t.TransitionExecutorImpl - Translating to SMT...
20:07:01.487 [main] DEBUG a.f.a.t.b.SeqModelChecker - Step 6: Transition #0. Is it enabled?
20:07:01.488 [main] DEBUG a.f.a.t.b.SeqModelChecker - Step 6: Transition #0 is enabled
20:07:01.491 [main] INFO  a.f.a.t.b.SeqModelChecker - State 6: Checking 1 state invariants
20:07:01.491 [main] DEBUG a.f.a.t.b.SeqModelChecker - State 6: Checking state invariant 0
20:07:01.504 [main] DEBUG a.f.a.t.b.t.TransitionExecutorImpl - Step #6, transition #1
20:07:01.504 [main] DEBUG a.f.a.t.b.t.TransitionExecutorImpl - Translating to SMT...
20:07:01.517 [main] DEBUG a.f.a.t.b.SeqModelChecker - Step 6: Transition #1. Is it enabled?
20:07:01.518 [main] DEBUG a.f.a.t.b.SeqModelChecker - Step 6: Transition #1 is enabled
20:07:01.518 [main] INFO  a.f.a.t.b.SeqModelChecker - State 6: Checking 1 state invariants
20:07:01.518 [main] DEBUG a.f.a.t.b.SeqModelChecker - State 6: Checking state invariant 0
20:07:01.534 [main] DEBUG a.f.a.t.b.t.TransitionExecutorImpl - Step #6, transition #2
20:07:01.535 [main] DEBUG a.f.a.t.b.t.TransitionExecutorImpl - Translating to SMT...
20:07:01.541 [main] DEBUG a.f.a.t.b.SeqModelChecker - Step 6: Transition #2. Is it enabled?
20:07:01.544 [main] DEBUG a.f.a.t.b.SeqModelChecker - Step 6: Transition #2 is enabled
20:07:01.545 [main] INFO  a.f.a.t.b.SeqModelChecker - State 6: Checking 1 state invariants
20:07:01.545 [main] DEBUG a.f.a.t.b.SeqModelChecker - State 6: Checking state invariant 0
20:07:01.555 [main] INFO  a.f.a.t.b.t.TransitionExecutorImpl - Step 6: picking a transition out of 3 transition(s)
20:07:01.578 [main] DEBUG a.f.a.t.b.t.TransitionExecutorImpl - Step #7, transition #0
20:07:01.584 [main] DEBUG a.f.a.t.b.t.TransitionExecutorImpl - Translating to SMT...
20:07:01.605 [main] DEBUG a.f.a.t.b.SeqModelChecker - Step 7: Transition #0. Is it enabled?
20:07:01.607 [main] DEBUG a.f.a.t.b.SeqModelChecker - Step 7: Transition #0 is enabled
20:07:01.608 [main] INFO  a.f.a.t.b.SeqModelChecker - State 7: Checking 1 state invariants
20:07:01.610 [main] DEBUG a.f.a.t.b.SeqModelChecker - State 7: Checking state invariant 0
20:07:01.614 [main] DEBUG a.f.a.t.b.t.TransitionExecutorImpl - Step #7, transition #1
20:07:01.614 [main] DEBUG a.f.a.t.b.t.TransitionExecutorImpl - Translating to SMT...
20:07:01.621 [main] DEBUG a.f.a.t.b.SeqModelChecker - Step 7: Transition #1. Is it enabled?
20:07:01.622 [main] DEBUG a.f.a.t.b.SeqModelChecker - Step 7: Transition #1 is enabled
20:07:01.623 [main] INFO  a.f.a.t.b.SeqModelChecker - State 7: Checking 1 state invariants
20:07:01.623 [main] DEBUG a.f.a.t.b.SeqModelChecker - State 7: Checking state invariant 0
20:07:01.773 [main] DEBUG a.f.a.t.b.t.TransitionExecutorImpl - Step #7, transition #2
20:07:01.773 [main] DEBUG a.f.a.t.b.t.TransitionExecutorImpl - Translating to SMT...
20:07:01.782 [main] DEBUG a.f.a.t.b.SeqModelChecker - Step 7: Transition #2. Is it enabled?
20:07:01.790 [main] DEBUG a.f.a.t.b.SeqModelChecker - Step 7: Transition #2 is enabled
20:07:01.791 [main] INFO  a.f.a.t.b.SeqModelChecker - State 7: Checking 1 state invariants
20:07:01.791 [main] DEBUG a.f.a.t.b.SeqModelChecker - State 7: Checking state invariant 0
20:07:01.805 [main] INFO  a.f.a.t.b.t.TransitionExecutorImpl - Step 7: picking a transition out of 3 transition(s)
20:07:01.823 [main] DEBUG a.f.a.t.b.t.TransitionExecutorImpl - Step #8, transition #0
20:07:01.824 [main] DEBUG a.f.a.t.b.t.TransitionExecutorImpl - Translating to SMT...
20:07:01.841 [main] DEBUG a.f.a.t.b.SeqModelChecker - Step 8: Transition #0. Is it enabled?
20:07:01.842 [main] DEBUG a.f.a.t.b.SeqModelChecker - Step 8: Transition #0 is enabled
20:07:01.842 [main] INFO  a.f.a.t.b.SeqModelChecker - State 8: Checking 1 state invariants
20:07:01.842 [main] DEBUG a.f.a.t.b.SeqModelChecker - State 8: Checking state invariant 0
20:07:01.849 [main] DEBUG a.f.a.t.b.t.TransitionExecutorImpl - Step #8, transition #1
20:07:01.850 [main] DEBUG a.f.a.t.b.t.TransitionExecutorImpl - Translating to SMT...
20:07:01.858 [main] DEBUG a.f.a.t.b.SeqModelChecker - Step 8: Transition #1. Is it enabled?
20:07:01.859 [main] DEBUG a.f.a.t.b.SeqModelChecker - Step 8: Transition #1 is enabled
20:07:01.860 [main] INFO  a.f.a.t.b.SeqModelChecker - State 8: Checking 1 state invariants
20:07:01.860 [main] DEBUG a.f.a.t.b.SeqModelChecker - State 8: Checking state invariant 0
20:07:02.242 [main] DEBUG a.f.a.t.b.t.TransitionExecutorImpl - Step #8, transition #2
20:07:02.242 [main] DEBUG a.f.a.t.b.t.TransitionExecutorImpl - Translating to SMT...
20:07:02.259 [main] DEBUG a.f.a.t.b.SeqModelChecker - Step 8: Transition #2. Is it enabled?
20:07:02.281 [main] DEBUG a.f.a.t.b.SeqModelChecker - Step 8: Transition #2 is enabled
20:07:02.282 [main] INFO  a.f.a.t.b.SeqModelChecker - State 8: Checking 1 state invariants
20:07:02.282 [main] DEBUG a.f.a.t.b.SeqModelChecker - State 8: Checking state invariant 0
20:07:02.286 [main] INFO  a.f.a.t.b.t.TransitionExecutorImpl - Step 8: picking a transition out of 3 transition(s)
20:07:02.313 [main] DEBUG a.f.a.t.b.t.TransitionExecutorImpl - Step #9, transition #0
20:07:02.313 [main] DEBUG a.f.a.t.b.t.TransitionExecutorImpl - Translating to SMT...
20:07:02.333 [main] DEBUG a.f.a.t.b.SeqModelChecker - Step 9: Transition #0. Is it enabled?
20:07:02.335 [main] DEBUG a.f.a.t.b.SeqModelChecker - Step 9: Transition #0 is enabled
20:07:02.336 [main] INFO  a.f.a.t.b.SeqModelChecker - State 9: Checking 1 state invariants
20:07:02.336 [main] DEBUG a.f.a.t.b.SeqModelChecker - State 9: Checking state invariant 0
20:07:02.339 [main] DEBUG a.f.a.t.b.t.TransitionExecutorImpl - Step #9, transition #1
20:07:02.339 [main] DEBUG a.f.a.t.b.t.TransitionExecutorImpl - Translating to SMT...
20:07:02.347 [main] DEBUG a.f.a.t.b.SeqModelChecker - Step 9: Transition #1. Is it enabled?
20:07:02.349 [main] DEBUG a.f.a.t.b.SeqModelChecker - Step 9: Transition #1 is enabled
20:07:02.349 [main] INFO  a.f.a.t.b.SeqModelChecker - State 9: Checking 1 state invariants
20:07:02.349 [main] DEBUG a.f.a.t.b.SeqModelChecker - State 9: Checking state invariant 0
20:07:05.150 [main] DEBUG a.f.a.t.b.t.TransitionExecutorImpl - Step #9, transition #2
20:07:05.150 [main] DEBUG a.f.a.t.b.t.TransitionExecutorImpl - Translating to SMT...
20:07:05.163 [main] DEBUG a.f.a.t.b.SeqModelChecker - Step 9: Transition #2. Is it enabled?
20:07:05.173 [main] DEBUG a.f.a.t.b.SeqModelChecker - Step 9: Transition #2 is enabled
20:07:05.173 [main] INFO  a.f.a.t.b.SeqModelChecker - State 9: Checking 1 state invariants
20:07:05.176 [main] DEBUG a.f.a.t.b.SeqModelChecker - State 9: Checking state invariant 0
20:07:05.189 [main] INFO  a.f.a.t.b.t.TransitionExecutorImpl - Step 9: picking a transition out of 3 transition(s)
20:07:05.227 [main] DEBUG a.f.a.t.b.t.TransitionExecutorImpl - Step #10, transition #0
20:07:05.227 [main] DEBUG a.f.a.t.b.t.TransitionExecutorImpl - Translating to SMT...
20:07:05.247 [main] DEBUG a.f.a.t.b.SeqModelChecker - Step 10: Transition #0. Is it enabled?
20:07:05.258 [main] DEBUG a.f.a.t.b.SeqModelChecker - Step 10: Transition #0 is enabled
20:07:05.258 [main] INFO  a.f.a.t.b.SeqModelChecker - State 10: Checking 1 state invariants
20:07:05.260 [main] DEBUG a.f.a.t.b.SeqModelChecker - State 10: Checking state invariant 0
20:07:05.266 [main] DEBUG a.f.a.t.b.t.TransitionExecutorImpl - Step #10, transition #1
20:07:05.266 [main] DEBUG a.f.a.t.b.t.TransitionExecutorImpl - Translating to SMT...
20:07:05.284 [main] DEBUG a.f.a.t.b.SeqModelChecker - Step 10: Transition #1. Is it enabled?
20:07:05.286 [main] DEBUG a.f.a.t.b.SeqModelChecker - Step 10: Transition #1 is enabled
20:07:05.286 [main] INFO  a.f.a.t.b.SeqModelChecker - State 10: Checking 1 state invariants
20:07:05.286 [main] DEBUG a.f.a.t.b.SeqModelChecker - State 10: Checking state invariant 0
20:07:13.562 [main] DEBUG a.f.a.t.b.t.TransitionExecutorImpl - Step #10, transition #2
20:07:13.562 [main] DEBUG a.f.a.t.b.t.TransitionExecutorImpl - Translating to SMT...
20:07:13.580 [main] DEBUG a.f.a.t.b.SeqModelChecker - Step 10: Transition #2. Is it enabled?
20:07:13.610 [main] DEBUG a.f.a.t.b.SeqModelChecker - Step 10: Transition #2 is enabled
20:07:13.610 [main] INFO  a.f.a.t.b.SeqModelChecker - State 10: Checking 1 state invariants
20:07:13.610 [main] DEBUG a.f.a.t.b.SeqModelChecker - State 10: Checking state invariant 0
20:07:13.627 [main] INFO  a.f.a.t.b.t.TransitionExecutorImpl - Step 10: picking a transition out of 3 transition(s)
20:07:13.660 [main] DEBUG a.f.a.t.b.t.TransitionExecutorImpl - Step #11, transition #0
20:07:13.660 [main] DEBUG a.f.a.t.b.t.TransitionExecutorImpl - Translating to SMT...
20:07:13.688 [main] DEBUG a.f.a.t.b.SeqModelChecker - Step 11: Transition #0. Is it enabled?
20:07:13.695 [main] DEBUG a.f.a.t.b.SeqModelChecker - Step 11: Transition #0 is enabled
20:07:13.696 [main] INFO  a.f.a.t.b.SeqModelChecker - State 11: Checking 1 state invariants
20:07:13.696 [main] DEBUG a.f.a.t.b.SeqModelChecker - State 11: Checking state invariant 0
20:07:13.705 [main] DEBUG a.f.a.t.b.t.TransitionExecutorImpl - Step #11, transition #1
20:07:13.705 [main] DEBUG a.f.a.t.b.t.TransitionExecutorImpl - Translating to SMT...
20:07:13.716 [main] DEBUG a.f.a.t.b.SeqModelChecker - Step 11: Transition #1. Is it enabled?
20:07:13.718 [main] DEBUG a.f.a.t.b.SeqModelChecker - Step 11: Transition #1 is enabled
20:07:13.718 [main] INFO  a.f.a.t.b.SeqModelChecker - State 11: Checking 1 state invariants
20:07:13.718 [main] DEBUG a.f.a.t.b.SeqModelChecker - State 11: Checking state invariant 0
20:07:23.677 [main] DEBUG a.f.a.t.b.t.TransitionExecutorImpl - Step #11, transition #2
20:07:23.678 [main] DEBUG a.f.a.t.b.t.TransitionExecutorImpl - Translating to SMT...
20:07:23.698 [main] DEBUG a.f.a.t.b.SeqModelChecker - Step 11: Transition #2. Is it enabled?
20:07:23.742 [main] DEBUG a.f.a.t.b.SeqModelChecker - Step 11: Transition #2 is enabled
20:07:23.742 [main] INFO  a.f.a.t.b.SeqModelChecker - State 11: Checking 1 state invariants
20:07:23.743 [main] DEBUG a.f.a.t.b.SeqModelChecker - State 11: Checking state invariant 0
20:07:23.748 [main] INFO  a.f.a.t.b.t.TransitionExecutorImpl - Step 11: picking a transition out of 3 transition(s)
20:07:23.778 [main] DEBUG a.f.a.t.b.t.TransitionExecutorImpl - Step #12, transition #0
20:07:23.778 [main] DEBUG a.f.a.t.b.t.TransitionExecutorImpl - Translating to SMT...
20:07:23.806 [main] DEBUG a.f.a.t.b.SeqModelChecker - Step 12: Transition #0. Is it enabled?
20:07:23.816 [main] DEBUG a.f.a.t.b.SeqModelChecker - Step 12: Transition #0 is enabled
20:07:23.816 [main] INFO  a.f.a.t.b.SeqModelChecker - State 12: Checking 1 state invariants
20:07:23.816 [main] DEBUG a.f.a.t.b.SeqModelChecker - State 12: Checking state invariant 0
20:07:23.819 [main] DEBUG a.f.a.t.b.t.TransitionExecutorImpl - Step #12, transition #1
20:07:23.819 [main] DEBUG a.f.a.t.b.t.TransitionExecutorImpl - Translating to SMT...
20:07:23.838 [main] DEBUG a.f.a.t.b.SeqModelChecker - Step 12: Transition #1. Is it enabled?
20:07:23.840 [main] DEBUG a.f.a.t.b.SeqModelChecker - Step 12: Transition #1 is enabled
20:07:23.840 [main] INFO  a.f.a.t.b.SeqModelChecker - State 12: Checking 1 state invariants
20:07:23.840 [main] DEBUG a.f.a.t.b.SeqModelChecker - State 12: Checking state invariant 0
20:07:31.447 [main] DEBUG a.f.a.t.b.t.TransitionExecutorImpl - Step #12, transition #2
20:07:31.447 [main] DEBUG a.f.a.t.b.t.TransitionExecutorImpl - Translating to SMT...
20:07:31.454 [main] DEBUG a.f.a.t.b.SeqModelChecker - Step 12: Transition #2. Is it enabled?
20:07:31.482 [main] DEBUG a.f.a.t.b.SeqModelChecker - Step 12: Transition #2 is enabled
20:07:31.483 [main] INFO  a.f.a.t.b.SeqModelChecker - State 12: Checking 1 state invariants
20:07:31.483 [main] DEBUG a.f.a.t.b.SeqModelChecker - State 12: Checking state invariant 0
20:07:31.486 [main] INFO  a.f.a.t.b.t.TransitionExecutorImpl - Step 12: picking a transition out of 3 transition(s)
20:07:31.566 [main] INFO  a.f.a.t.b.p.BoundedCheckerPassImpl - The outcome is: NoError
20:07:31.566 [main] DEBUG a.f.a.i.p.PassChainExecutor - PASS #13: BoundedChecker [OK]
20:07:31.567 [main] INFO  a.f.a.i.p.PassChainExecutor - PASS #14: Terminal
20:07:31.567 [main] DEBUG a.f.a.i.p.PassChainExecutor - PASS #14: Terminal [OK]
20:07:31.567 [main] INFO  a.f.a.t.Tool$ - Checker reports no error up to computation length 12
20:07:31.569 [main] INFO  a.f.a.t.Tool$ - It took me 0 days  0 hours  0 min 35 sec
20:07:31.569 [main] INFO  a.f.a.t.Tool$ - Total time: 35.591 sec
