20:06:50.598 [main] INFO  a.f.a.t.Tool$ - Checker options: filename=SetSndRcv.tla, init=Init, next=Next, inv=Inv
20:06:50.601 [main] INFO  a.f.a.t.Tool$ - Tuning: 
20:06:50.604 [main] INFO  a.f.a.i.p.PassChainExecutor - PASS #0: SanyParser
20:06:51.183 [main] DEBUG a.f.a.i.p.PassChainExecutor - PASS #0: SanyParser [OK]
20:06:51.184 [main] INFO  a.f.a.i.p.PassChainExecutor - PASS #1: TypeCheckerSnowcat
20:06:51.184 [main] INFO  a.f.a.t.t.p.EtcTypeCheckerPassImpl -  > Running Snowcat .::.
20:06:51.496 [main] INFO  a.f.a.t.t.p.EtcTypeCheckerPassImpl -  > Your types are great!
20:06:51.497 [main] INFO  a.f.a.t.t.p.EtcTypeCheckerPassImpl -  > All expressions are typed
20:06:51.497 [main] DEBUG a.f.a.i.p.PassChainExecutor - PASS #1: TypeCheckerSnowcat [OK]
20:06:51.498 [main] INFO  a.f.a.i.p.PassChainExecutor - PASS #2: ConfigurationPass
20:06:51.502 [main] INFO  a.f.a.t.p.p.ConfigurationPassImpl -   > SetSndRcv.cfg: Loading TLC configuration
20:06:51.509 [main] INFO  a.f.a.t.p.p.ConfigurationPassImpl -   > No TLC configuration found. Skipping.
20:06:51.510 [main] INFO  a.f.a.t.p.p.ConfigurationPassImpl -   > Set the initialization predicate to Init
20:06:51.511 [main] INFO  a.f.a.t.p.p.ConfigurationPassImpl -   > Set the constant initialization predicate to CInit8
20:06:51.512 [main] INFO  a.f.a.t.p.p.ConfigurationPassImpl -   > Set the transition predicate to Next
20:06:51.513 [main] INFO  a.f.a.t.p.p.ConfigurationPassImpl -   > Set an invariant to Inv
20:06:51.523 [main] DEBUG a.f.a.i.p.PassChainExecutor - PASS #2: ConfigurationPass [OK]
20:06:51.525 [main] INFO  a.f.a.i.p.PassChainExecutor - PASS #3: DesugarerPass
20:06:51.527 [main] INFO  a.f.a.t.p.p.DesugarerPassImpl -   > Desugaring...
20:06:51.552 [main] DEBUG a.f.a.i.p.PassChainExecutor - PASS #3: DesugarerPass [OK]
20:06:51.553 [main] INFO  a.f.a.i.p.PassChainExecutor - PASS #4: UnrollPass
20:06:51.578 [main] INFO  a.f.a.t.p.p.UnrollPassImpl -   > Unroller
20:06:51.595 [main] DEBUG a.f.a.i.p.PassChainExecutor - PASS #4: UnrollPass [OK]
20:06:51.596 [main] INFO  a.f.a.i.p.PassChainExecutor - PASS #5: InlinePass
20:06:51.599 [main] INFO  a.f.a.t.p.p.InlinePassImpl -   > InlinerOfUserOper
20:06:51.624 [main] INFO  a.f.a.t.p.p.InlinePassImpl -   > Wrap
20:06:51.630 [main] INFO  a.f.a.t.p.p.InlinePassImpl -   > CallByNameOperatorEmbedder
20:06:51.633 [main] INFO  a.f.a.t.p.p.InlinePassImpl -   > LetInExpander
20:06:51.639 [main] INFO  a.f.a.t.p.p.InlinePassImpl -   > Unwrap
20:06:51.640 [main] INFO  a.f.a.t.p.p.InlinePassImpl -   > InlinerOfUserOper
20:06:51.652 [main] INFO  a.f.a.t.p.p.InlinePassImpl - Leaving only relevant operators: CInit8, CInit8Primed, Init, InitPrimed, Inv, Next
20:06:51.659 [main] DEBUG a.f.a.i.p.PassChainExecutor - PASS #5: InlinePass [OK]
20:06:51.660 [main] INFO  a.f.a.i.p.PassChainExecutor - PASS #6: PrimingPass
20:06:51.662 [main] INFO  a.f.a.t.a.p.PrimingPassImpl -   > Introducing CInit8Primed for CInit8'
20:06:51.663 [main] INFO  a.f.a.t.a.p.PrimingPassImpl -   > Introducing InitPrimed for Init'
20:06:51.668 [main] DEBUG a.f.a.i.p.PassChainExecutor - PASS #6: PrimingPass [OK]
20:06:51.669 [main] INFO  a.f.a.i.p.PassChainExecutor - PASS #7: VCGen
20:06:51.670 [main] INFO  a.f.a.t.b.p.VCGenPassImpl -   > Producing verification conditions from the invariant Inv
20:06:51.679 [main] INFO  a.f.a.t.b.VCGenerator -   > VCGen produced 1 verification condition(s)
20:06:51.681 [main] DEBUG a.f.a.i.p.PassChainExecutor - PASS #7: VCGen [OK]
20:06:51.682 [main] INFO  a.f.a.i.p.PassChainExecutor - PASS #8: PreprocessingPass
20:06:51.683 [main] INFO  a.f.a.t.p.p.PreproPassImpl -   > Before preprocessing: unique renaming
20:06:51.692 [main] INFO  a.f.a.t.p.p.PreproPassImpl -  > Applying standard transformations:
20:06:51.693 [main] INFO  a.f.a.t.p.p.PreproPassImpl -   > PrimePropagation
20:06:51.696 [main] INFO  a.f.a.t.p.p.PreproPassImpl -   > Desugarer
20:06:51.698 [main] INFO  a.f.a.t.p.p.PreproPassImpl -   > UniqueRenamer
20:06:51.714 [main] INFO  a.f.a.t.p.p.PreproPassImpl -   > Normalizer
20:06:51.725 [main] INFO  a.f.a.t.p.p.PreproPassImpl -   > Keramelizer
20:06:51.735 [main] INFO  a.f.a.t.p.p.PreproPassImpl -   > After preprocessing: UniqueRenamer
20:06:51.748 [main] DEBUG a.f.a.i.p.PassChainExecutor - PASS #8: PreprocessingPass [OK]
20:06:51.749 [main] INFO  a.f.a.i.p.PassChainExecutor - PASS #9: TransitionFinderPass
20:06:51.794 [main] INFO  a.f.a.t.a.p.TransitionPassImpl -   > Found 1 initializing transitions
20:06:51.828 [main] INFO  a.f.a.t.a.p.TransitionPassImpl -   > Found 3 transitions
20:06:51.844 [main] INFO  a.f.a.t.a.p.TransitionPassImpl -   > Found constant initializer CInit8
20:06:51.847 [main] INFO  a.f.a.t.a.p.TransitionPassImpl -   > Applying unique renaming
20:06:51.867 [main] DEBUG a.f.a.i.p.PassChainExecutor - PASS #9: TransitionFinderPass [OK]
20:06:51.867 [main] INFO  a.f.a.i.p.PassChainExecutor - PASS #10: OptimizationPass
20:06:51.874 [main] INFO  a.f.a.t.p.p.OptPassImpl -  > Applying optimizations:
20:06:51.883 [main] INFO  a.f.a.t.p.p.OptPassImpl -   > ConstSimplifier
20:06:51.888 [main] INFO  a.f.a.t.p.p.OptPassImpl -   > ExprOptimizer
20:06:51.890 [main] INFO  a.f.a.t.p.p.OptPassImpl -   > ConstSimplifier
20:06:51.900 [main] DEBUG a.f.a.i.p.PassChainExecutor - PASS #10: OptimizationPass [OK]
20:06:51.901 [main] INFO  a.f.a.i.p.PassChainExecutor - PASS #11: AnalysisPass
20:06:51.905 [main] INFO  a.f.a.t.b.p.AnalysisPassImpl -  > Marking skolemizable existentials and sets to be expanded...
20:06:51.909 [main] INFO  a.f.a.t.b.p.AnalysisPassImpl -   > Skolemization
20:06:51.921 [main] INFO  a.f.a.t.b.p.AnalysisPassImpl -   > Expansion
20:06:51.926 [main] INFO  a.f.a.t.b.p.AnalysisPassImpl -   > Remove unused let-in defs
20:06:51.930 [main] INFO  a.f.a.t.b.p.AnalysisPassImpl -  > Running analyzers...
20:06:51.943 [main] INFO  a.f.a.t.b.p.AnalysisPassImpl -   > Introduced expression grades
20:06:51.944 [main] INFO  a.f.a.t.b.p.AnalysisPassImpl -   > Introduced 2 formula hints
20:06:51.945 [main] DEBUG a.f.a.i.p.PassChainExecutor - PASS #11: AnalysisPass [OK]
20:06:51.945 [main] INFO  a.f.a.i.p.PassChainExecutor - PASS #12: PostTypeCheckerSnowcat
20:06:51.946 [main] INFO  a.f.a.t.b.p.PostTypeCheckerPassImpl -  > Running Snowcat .::.
20:06:52.311 [main] INFO  a.f.a.t.b.p.PostTypeCheckerPassImpl -  > Your types are great!
20:06:52.311 [main] INFO  a.f.a.t.b.p.PostTypeCheckerPassImpl -  > All expressions are typed
20:06:52.312 [main] DEBUG a.f.a.i.p.PassChainExecutor - PASS #12: PostTypeCheckerSnowcat [OK]
20:06:52.312 [main] INFO  a.f.a.i.p.PassChainExecutor - PASS #13: BoundedChecker
20:06:52.693 [main] DEBUG a.f.a.t.b.t.TransitionExecutorImpl - Initializing CONSTANTS
20:06:52.772 [main] DEBUG a.f.a.t.b.t.TransitionExecutorImpl - Step #0, transition #0
20:06:52.773 [main] DEBUG a.f.a.t.b.t.TransitionExecutorImpl - Translating to SMT...
20:06:52.822 [main] DEBUG a.f.a.t.b.SeqModelChecker - Step 0: Transition #0. Is it enabled?
20:06:52.824 [main] DEBUG a.f.a.t.b.SeqModelChecker - Step 0: Transition #0 is enabled
20:06:52.824 [main] INFO  a.f.a.t.b.SeqModelChecker - State 0: Checking 1 state invariants
20:06:52.827 [main] DEBUG a.f.a.t.b.SeqModelChecker - State 0: Checking state invariant 0
20:06:52.859 [main] INFO  a.f.a.t.b.t.TransitionExecutorImpl - Step 0: picking a transition out of 1 transition(s)
20:06:52.876 [main] DEBUG a.f.a.t.b.t.TransitionExecutorImpl - Step #1, transition #0
20:06:52.881 [main] DEBUG a.f.a.t.b.t.TransitionExecutorImpl - Translating to SMT...
20:06:52.994 [main] DEBUG a.f.a.t.b.SeqModelChecker - Step 1: Transition #0. Is it enabled?
20:06:52.994 [main] DEBUG a.f.a.t.b.SeqModelChecker - Step 1: Transition #0 is enabled
20:06:52.994 [main] INFO  a.f.a.t.b.SeqModelChecker - State 1: Checking 1 state invariants
20:06:52.995 [main] DEBUG a.f.a.t.b.SeqModelChecker - State 1: Checking state invariant 0
20:06:53.004 [main] DEBUG a.f.a.t.b.t.TransitionExecutorImpl - Step #1, transition #1
20:06:53.004 [main] DEBUG a.f.a.t.b.t.TransitionExecutorImpl - Translating to SMT...
20:06:53.017 [main] DEBUG a.f.a.t.b.t.TransitionExecutorImpl - Transition 1 produces partial assignment. Disabled.
20:06:53.017 [main] DEBUG a.f.a.t.b.t.TransitionExecutorImpl - Step #1, transition #2
20:06:53.017 [main] DEBUG a.f.a.t.b.t.TransitionExecutorImpl - Translating to SMT...
20:06:53.034 [main] DEBUG a.f.a.t.b.t.TransitionExecutorImpl - Transition 2 produces partial assignment. Disabled.
20:06:53.034 [main] INFO  a.f.a.t.b.t.TransitionExecutorImpl - Step 1: picking a transition out of 1 transition(s)
20:06:53.035 [main] DEBUG a.f.a.t.b.t.TransitionExecutorImpl - Step #2, transition #0
20:06:53.035 [main] DEBUG a.f.a.t.b.t.TransitionExecutorImpl - Translating to SMT...
20:06:53.093 [main] DEBUG a.f.a.t.b.SeqModelChecker - Step 2: Transition #0. Is it enabled?
20:06:53.093 [main] DEBUG a.f.a.t.b.SeqModelChecker - Step 2: Transition #0 is enabled
20:06:53.093 [main] INFO  a.f.a.t.b.SeqModelChecker - State 2: Checking 1 state invariants
20:06:53.100 [main] DEBUG a.f.a.t.b.SeqModelChecker - State 2: Checking state invariant 0
20:06:53.106 [main] DEBUG a.f.a.t.b.t.TransitionExecutorImpl - Step #2, transition #1
20:06:53.106 [main] DEBUG a.f.a.t.b.t.TransitionExecutorImpl - Translating to SMT...
20:06:53.131 [main] DEBUG a.f.a.t.b.SeqModelChecker - Step 2: Transition #1. Is it enabled?
20:06:53.132 [main] DEBUG a.f.a.t.b.SeqModelChecker - Step 2: Transition #1 is enabled
20:06:53.132 [main] INFO  a.f.a.t.b.SeqModelChecker - State 2: Checking 1 state invariants
20:06:53.142 [main] DEBUG a.f.a.t.b.SeqModelChecker - State 2: Checking state invariant 0
20:06:53.147 [main] DEBUG a.f.a.t.b.t.TransitionExecutorImpl - Step #2, transition #2
20:06:53.148 [main] DEBUG a.f.a.t.b.t.TransitionExecutorImpl - Translating to SMT...
20:06:53.171 [main] DEBUG a.f.a.t.b.SeqModelChecker - Step 2: Transition #2. Is it enabled?
20:06:53.171 [main] DEBUG a.f.a.t.b.SeqModelChecker - Step 2: Transition #2 is enabled
20:06:53.172 [main] INFO  a.f.a.t.b.SeqModelChecker - State 2: Checking 1 state invariants
20:06:53.176 [main] DEBUG a.f.a.t.b.SeqModelChecker - State 2: Checking state invariant 0
20:06:53.186 [main] INFO  a.f.a.t.b.t.TransitionExecutorImpl - Step 2: picking a transition out of 3 transition(s)
20:06:53.232 [main] DEBUG a.f.a.t.b.t.TransitionExecutorImpl - Step #3, transition #0
20:06:53.232 [main] DEBUG a.f.a.t.b.t.TransitionExecutorImpl - Translating to SMT...
20:06:53.269 [main] DEBUG a.f.a.t.b.SeqModelChecker - Step 3: Transition #0. Is it enabled?
20:06:53.270 [main] DEBUG a.f.a.t.b.SeqModelChecker - Step 3: Transition #0 is enabled
20:06:53.270 [main] INFO  a.f.a.t.b.SeqModelChecker - State 3: Checking 1 state invariants
20:06:53.275 [main] DEBUG a.f.a.t.b.SeqModelChecker - State 3: Checking state invariant 0
20:06:53.280 [main] DEBUG a.f.a.t.b.t.TransitionExecutorImpl - Step #3, transition #1
20:06:53.280 [main] DEBUG a.f.a.t.b.t.TransitionExecutorImpl - Translating to SMT...
20:06:53.299 [main] DEBUG a.f.a.t.b.SeqModelChecker - Step 3: Transition #1. Is it enabled?
20:06:53.299 [main] DEBUG a.f.a.t.b.SeqModelChecker - Step 3: Transition #1 is enabled
20:06:53.300 [main] INFO  a.f.a.t.b.SeqModelChecker - State 3: Checking 1 state invariants
20:06:53.303 [main] DEBUG a.f.a.t.b.SeqModelChecker - State 3: Checking state invariant 0
20:06:53.313 [main] DEBUG a.f.a.t.b.t.TransitionExecutorImpl - Step #3, transition #2
20:06:53.313 [main] DEBUG a.f.a.t.b.t.TransitionExecutorImpl - Translating to SMT...
20:06:53.329 [main] DEBUG a.f.a.t.b.SeqModelChecker - Step 3: Transition #2. Is it enabled?
20:06:53.329 [main] DEBUG a.f.a.t.b.SeqModelChecker - Step 3: Transition #2 is enabled
20:06:53.330 [main] INFO  a.f.a.t.b.SeqModelChecker - State 3: Checking 1 state invariants
20:06:53.336 [main] DEBUG a.f.a.t.b.SeqModelChecker - State 3: Checking state invariant 0
20:06:53.341 [main] INFO  a.f.a.t.b.t.TransitionExecutorImpl - Step 3: picking a transition out of 3 transition(s)
20:06:53.385 [main] DEBUG a.f.a.t.b.t.TransitionExecutorImpl - Step #4, transition #0
20:06:53.385 [main] DEBUG a.f.a.t.b.t.TransitionExecutorImpl - Translating to SMT...
20:06:53.411 [main] DEBUG a.f.a.t.b.SeqModelChecker - Step 4: Transition #0. Is it enabled?
20:06:53.417 [main] DEBUG a.f.a.t.b.SeqModelChecker - Step 4: Transition #0 is enabled
20:06:53.417 [main] INFO  a.f.a.t.b.SeqModelChecker - State 4: Checking 1 state invariants
20:06:53.418 [main] DEBUG a.f.a.t.b.SeqModelChecker - State 4: Checking state invariant 0
20:06:53.423 [main] DEBUG a.f.a.t.b.t.TransitionExecutorImpl - Step #4, transition #1
20:06:53.423 [main] DEBUG a.f.a.t.b.t.TransitionExecutorImpl - Translating to SMT...
20:06:53.439 [main] DEBUG a.f.a.t.b.SeqModelChecker - Step 4: Transition #1. Is it enabled?
20:06:53.440 [main] DEBUG a.f.a.t.b.SeqModelChecker - Step 4: Transition #1 is enabled
20:06:53.440 [main] INFO  a.f.a.t.b.SeqModelChecker - State 4: Checking 1 state invariants
20:06:53.445 [main] DEBUG a.f.a.t.b.SeqModelChecker - State 4: Checking state invariant 0
20:06:53.449 [main] DEBUG a.f.a.t.b.t.TransitionExecutorImpl - Step #4, transition #2
20:06:53.449 [main] DEBUG a.f.a.t.b.t.TransitionExecutorImpl - Translating to SMT...
20:06:53.487 [main] DEBUG a.f.a.t.b.SeqModelChecker - Step 4: Transition #2. Is it enabled?
20:06:53.488 [main] DEBUG a.f.a.t.b.SeqModelChecker - Step 4: Transition #2 is enabled
20:06:53.488 [main] INFO  a.f.a.t.b.SeqModelChecker - State 4: Checking 1 state invariants
20:06:53.489 [main] DEBUG a.f.a.t.b.SeqModelChecker - State 4: Checking state invariant 0
20:06:53.495 [main] INFO  a.f.a.t.b.t.TransitionExecutorImpl - Step 4: picking a transition out of 3 transition(s)
20:06:53.520 [main] DEBUG a.f.a.t.b.t.TransitionExecutorImpl - Step #5, transition #0
20:06:53.520 [main] DEBUG a.f.a.t.b.t.TransitionExecutorImpl - Translating to SMT...
20:06:53.549 [main] DEBUG a.f.a.t.b.SeqModelChecker - Step 5: Transition #0. Is it enabled?
20:06:53.557 [main] DEBUG a.f.a.t.b.SeqModelChecker - Step 5: Transition #0 is enabled
20:06:53.557 [main] INFO  a.f.a.t.b.SeqModelChecker - State 5: Checking 1 state invariants
20:06:53.558 [main] DEBUG a.f.a.t.b.SeqModelChecker - State 5: Checking state invariant 0
20:06:53.565 [main] DEBUG a.f.a.t.b.t.TransitionExecutorImpl - Step #5, transition #1
20:06:53.565 [main] DEBUG a.f.a.t.b.t.TransitionExecutorImpl - Translating to SMT...
20:06:53.586 [main] DEBUG a.f.a.t.b.SeqModelChecker - Step 5: Transition #1. Is it enabled?
20:06:53.587 [main] DEBUG a.f.a.t.b.SeqModelChecker - Step 5: Transition #1 is enabled
20:06:53.587 [main] INFO  a.f.a.t.b.SeqModelChecker - State 5: Checking 1 state invariants
20:06:53.596 [main] DEBUG a.f.a.t.b.SeqModelChecker - State 5: Checking state invariant 0
20:06:53.601 [main] DEBUG a.f.a.t.b.t.TransitionExecutorImpl - Step #5, transition #2
20:06:53.601 [main] DEBUG a.f.a.t.b.t.TransitionExecutorImpl - Translating to SMT...
20:06:53.623 [main] DEBUG a.f.a.t.b.SeqModelChecker - Step 5: Transition #2. Is it enabled?
20:06:53.624 [main] DEBUG a.f.a.t.b.SeqModelChecker - Step 5: Transition #2 is enabled
20:06:53.624 [main] INFO  a.f.a.t.b.SeqModelChecker - State 5: Checking 1 state invariants
20:06:53.625 [main] DEBUG a.f.a.t.b.SeqModelChecker - State 5: Checking state invariant 0
20:06:53.632 [main] INFO  a.f.a.t.b.t.TransitionExecutorImpl - Step 5: picking a transition out of 3 transition(s)
20:06:53.669 [main] DEBUG a.f.a.t.b.t.TransitionExecutorImpl - Step #6, transition #0
20:06:53.669 [main] DEBUG a.f.a.t.b.t.TransitionExecutorImpl - Translating to SMT...
20:06:53.698 [main] DEBUG a.f.a.t.b.SeqModelChecker - Step 6: Transition #0. Is it enabled?
20:06:53.699 [main] DEBUG a.f.a.t.b.SeqModelChecker - Step 6: Transition #0 is enabled
20:06:53.699 [main] INFO  a.f.a.t.b.SeqModelChecker - State 6: Checking 1 state invariants
20:06:53.704 [main] DEBUG a.f.a.t.b.SeqModelChecker - State 6: Checking state invariant 0
20:06:53.707 [main] DEBUG a.f.a.t.b.t.TransitionExecutorImpl - Step #6, transition #1
20:06:53.707 [main] DEBUG a.f.a.t.b.t.TransitionExecutorImpl - Translating to SMT...
20:06:53.724 [main] DEBUG a.f.a.t.b.SeqModelChecker - Step 6: Transition #1. Is it enabled?
20:06:53.725 [main] DEBUG a.f.a.t.b.SeqModelChecker - Step 6: Transition #1 is enabled
20:06:53.725 [main] INFO  a.f.a.t.b.SeqModelChecker - State 6: Checking 1 state invariants
20:06:53.732 [main] DEBUG a.f.a.t.b.SeqModelChecker - State 6: Checking state invariant 0
20:06:53.761 [main] DEBUG a.f.a.t.b.t.TransitionExecutorImpl - Step #6, transition #2
20:06:53.761 [main] DEBUG a.f.a.t.b.t.TransitionExecutorImpl - Translating to SMT...
20:06:53.765 [main] DEBUG a.f.a.t.b.SeqModelChecker - Step 6: Transition #2. Is it enabled?
20:06:53.767 [main] DEBUG a.f.a.t.b.SeqModelChecker - Step 6: Transition #2 is enabled
20:06:53.767 [main] INFO  a.f.a.t.b.SeqModelChecker - State 6: Checking 1 state invariants
20:06:53.784 [main] DEBUG a.f.a.t.b.SeqModelChecker - State 6: Checking state invariant 0
20:06:53.786 [main] INFO  a.f.a.t.b.t.TransitionExecutorImpl - Step 6: picking a transition out of 3 transition(s)
20:06:53.826 [main] DEBUG a.f.a.t.b.t.TransitionExecutorImpl - Step #7, transition #0
20:06:53.826 [main] DEBUG a.f.a.t.b.t.TransitionExecutorImpl - Translating to SMT...
20:06:53.849 [main] DEBUG a.f.a.t.b.SeqModelChecker - Step 7: Transition #0. Is it enabled?
20:06:53.850 [main] DEBUG a.f.a.t.b.SeqModelChecker - Step 7: Transition #0 is enabled
20:06:53.850 [main] INFO  a.f.a.t.b.SeqModelChecker - State 7: Checking 1 state invariants
20:06:53.854 [main] DEBUG a.f.a.t.b.SeqModelChecker - State 7: Checking state invariant 0
20:06:53.858 [main] DEBUG a.f.a.t.b.t.TransitionExecutorImpl - Step #7, transition #1
20:06:53.858 [main] DEBUG a.f.a.t.b.t.TransitionExecutorImpl - Translating to SMT...
20:06:53.864 [main] DEBUG a.f.a.t.b.SeqModelChecker - Step 7: Transition #1. Is it enabled?
20:06:53.873 [main] DEBUG a.f.a.t.b.SeqModelChecker - Step 7: Transition #1 is enabled
20:06:53.873 [main] INFO  a.f.a.t.b.SeqModelChecker - State 7: Checking 1 state invariants
20:06:53.873 [main] DEBUG a.f.a.t.b.SeqModelChecker - State 7: Checking state invariant 0
20:06:53.980 [main] DEBUG a.f.a.t.b.t.TransitionExecutorImpl - Step #7, transition #2
20:06:53.980 [main] DEBUG a.f.a.t.b.t.TransitionExecutorImpl - Translating to SMT...
20:06:53.999 [main] DEBUG a.f.a.t.b.SeqModelChecker - Step 7: Transition #2. Is it enabled?
20:06:54.000 [main] DEBUG a.f.a.t.b.SeqModelChecker - Step 7: Transition #2 is enabled
20:06:54.008 [main] INFO  a.f.a.t.b.SeqModelChecker - State 7: Checking 1 state invariants
20:06:54.008 [main] DEBUG a.f.a.t.b.SeqModelChecker - State 7: Checking state invariant 0
20:06:54.011 [main] INFO  a.f.a.t.b.t.TransitionExecutorImpl - Step 7: picking a transition out of 3 transition(s)
20:06:54.051 [main] DEBUG a.f.a.t.b.t.TransitionExecutorImpl - Step #8, transition #0
20:06:54.051 [main] DEBUG a.f.a.t.b.t.TransitionExecutorImpl - Translating to SMT...
20:06:54.073 [main] DEBUG a.f.a.t.b.SeqModelChecker - Step 8: Transition #0. Is it enabled?
20:06:54.075 [main] DEBUG a.f.a.t.b.SeqModelChecker - Step 8: Transition #0 is enabled
20:06:54.075 [main] INFO  a.f.a.t.b.SeqModelChecker - State 8: Checking 1 state invariants
20:06:54.084 [main] DEBUG a.f.a.t.b.SeqModelChecker - State 8: Checking state invariant 0
20:06:54.088 [main] DEBUG a.f.a.t.b.t.TransitionExecutorImpl - Step #8, transition #1
20:06:54.088 [main] DEBUG a.f.a.t.b.t.TransitionExecutorImpl - Translating to SMT...
20:06:54.095 [main] DEBUG a.f.a.t.b.SeqModelChecker - Step 8: Transition #1. Is it enabled?
20:06:54.101 [main] DEBUG a.f.a.t.b.SeqModelChecker - Step 8: Transition #1 is enabled
20:06:54.101 [main] INFO  a.f.a.t.b.SeqModelChecker - State 8: Checking 1 state invariants
20:06:54.101 [main] DEBUG a.f.a.t.b.SeqModelChecker - State 8: Checking state invariant 0
20:06:54.649 [main] DEBUG a.f.a.t.b.t.TransitionExecutorImpl - Step #8, transition #2
20:06:54.650 [main] DEBUG a.f.a.t.b.t.TransitionExecutorImpl - Translating to SMT...
20:06:54.663 [main] DEBUG a.f.a.t.b.SeqModelChecker - Step 8: Transition #2. Is it enabled?
20:06:54.666 [main] DEBUG a.f.a.t.b.SeqModelChecker - Step 8: Transition #2 is enabled
20:06:54.666 [main] INFO  a.f.a.t.b.SeqModelChecker - State 8: Checking 1 state invariants
20:06:54.666 [main] DEBUG a.f.a.t.b.SeqModelChecker - State 8: Checking state invariant 0
20:06:54.670 [main] INFO  a.f.a.t.b.t.TransitionExecutorImpl - Step 8: picking a transition out of 3 transition(s)
20:06:54.697 [main] INFO  a.f.a.t.b.p.BoundedCheckerPassImpl - The outcome is: NoError
20:06:54.702 [main] DEBUG a.f.a.i.p.PassChainExecutor - PASS #13: BoundedChecker [OK]
20:06:54.702 [main] INFO  a.f.a.i.p.PassChainExecutor - PASS #14: Terminal
20:06:54.703 [main] DEBUG a.f.a.i.p.PassChainExecutor - PASS #14: Terminal [OK]
20:06:54.703 [main] INFO  a.f.a.t.Tool$ - Checker reports no error up to computation length 8
20:06:54.705 [main] INFO  a.f.a.t.Tool$ - It took me 0 days  0 hours  0 min  4 sec
20:06:54.705 [main] INFO  a.f.a.t.Tool$ - Total time: 4.914 sec
