20:06:31.950 [main] INFO  a.f.a.t.Tool$ - Checker options: filename=SetSndRcv.tla, init=Init, next=Next, inv=Inv
20:06:31.957 [main] INFO  a.f.a.t.Tool$ - Tuning: 
20:06:31.962 [main] INFO  a.f.a.i.p.PassChainExecutor - PASS #0: SanyParser
20:06:32.618 [main] DEBUG a.f.a.i.p.PassChainExecutor - PASS #0: SanyParser [OK]
20:06:32.618 [main] INFO  a.f.a.i.p.PassChainExecutor - PASS #1: TypeCheckerSnowcat
20:06:32.619 [main] INFO  a.f.a.t.t.p.EtcTypeCheckerPassImpl -  > Running Snowcat .::.
20:06:32.983 [main] INFO  a.f.a.t.t.p.EtcTypeCheckerPassImpl -  > Your types are great!
20:06:32.983 [main] INFO  a.f.a.t.t.p.EtcTypeCheckerPassImpl -  > All expressions are typed
20:06:32.984 [main] DEBUG a.f.a.i.p.PassChainExecutor - PASS #1: TypeCheckerSnowcat [OK]
20:06:32.984 [main] INFO  a.f.a.i.p.PassChainExecutor - PASS #2: ConfigurationPass
20:06:32.988 [main] INFO  a.f.a.t.p.p.ConfigurationPassImpl -   > SetSndRcv.cfg: Loading TLC configuration
20:06:32.996 [main] INFO  a.f.a.t.p.p.ConfigurationPassImpl -   > No TLC configuration found. Skipping.
20:06:32.998 [main] INFO  a.f.a.t.p.p.ConfigurationPassImpl -   > Set the initialization predicate to Init
20:06:32.999 [main] INFO  a.f.a.t.p.p.ConfigurationPassImpl -   > Set the constant initialization predicate to CInit12
20:06:32.999 [main] INFO  a.f.a.t.p.p.ConfigurationPassImpl -   > Set the transition predicate to Next
20:06:33.000 [main] INFO  a.f.a.t.p.p.ConfigurationPassImpl -   > Set an invariant to Inv
20:06:33.006 [main] DEBUG a.f.a.i.p.PassChainExecutor - PASS #2: ConfigurationPass [OK]
20:06:33.007 [main] INFO  a.f.a.i.p.PassChainExecutor - PASS #3: DesugarerPass
20:06:33.007 [main] INFO  a.f.a.t.p.p.DesugarerPassImpl -   > Desugaring...
20:06:33.031 [main] DEBUG a.f.a.i.p.PassChainExecutor - PASS #3: DesugarerPass [OK]
20:06:33.032 [main] INFO  a.f.a.i.p.PassChainExecutor - PASS #4: UnrollPass
20:06:33.062 [main] INFO  a.f.a.t.p.p.UnrollPassImpl -   > Unroller
20:06:33.076 [main] DEBUG a.f.a.i.p.PassChainExecutor - PASS #4: UnrollPass [OK]
20:06:33.077 [main] INFO  a.f.a.i.p.PassChainExecutor - PASS #5: InlinePass
20:06:33.091 [main] INFO  a.f.a.t.p.p.InlinePassImpl -   > InlinerOfUserOper
20:06:33.100 [main] INFO  a.f.a.t.p.p.InlinePassImpl -   > Wrap
20:06:33.102 [main] INFO  a.f.a.t.p.p.InlinePassImpl -   > CallByNameOperatorEmbedder
20:06:33.105 [main] INFO  a.f.a.t.p.p.InlinePassImpl -   > LetInExpander
20:06:33.107 [main] INFO  a.f.a.t.p.p.InlinePassImpl -   > Unwrap
20:06:33.108 [main] INFO  a.f.a.t.p.p.InlinePassImpl -   > InlinerOfUserOper
20:06:33.117 [main] INFO  a.f.a.t.p.p.InlinePassImpl - Leaving only relevant operators: CInit12, CInit12Primed, Init, InitPrimed, Inv, Next
20:06:33.126 [main] DEBUG a.f.a.i.p.PassChainExecutor - PASS #5: InlinePass [OK]
20:06:33.127 [main] INFO  a.f.a.i.p.PassChainExecutor - PASS #6: PrimingPass
20:06:33.130 [main] INFO  a.f.a.t.a.p.PrimingPassImpl -   > Introducing CInit12Primed for CInit12'
20:06:33.131 [main] INFO  a.f.a.t.a.p.PrimingPassImpl -   > Introducing InitPrimed for Init'
20:06:33.132 [main] DEBUG a.f.a.i.p.PassChainExecutor - PASS #6: PrimingPass [OK]
20:06:33.133 [main] INFO  a.f.a.i.p.PassChainExecutor - PASS #7: VCGen
20:06:33.134 [main] INFO  a.f.a.t.b.p.VCGenPassImpl -   > Producing verification conditions from the invariant Inv
20:06:33.143 [main] INFO  a.f.a.t.b.VCGenerator -   > VCGen produced 1 verification condition(s)
20:06:33.146 [main] DEBUG a.f.a.i.p.PassChainExecutor - PASS #7: VCGen [OK]
20:06:33.150 [main] INFO  a.f.a.i.p.PassChainExecutor - PASS #8: PreprocessingPass
20:06:33.150 [main] INFO  a.f.a.t.p.p.PreproPassImpl -   > Before preprocessing: unique renaming
20:06:33.158 [main] INFO  a.f.a.t.p.p.PreproPassImpl -  > Applying standard transformations:
20:06:33.159 [main] INFO  a.f.a.t.p.p.PreproPassImpl -   > PrimePropagation
20:06:33.163 [main] INFO  a.f.a.t.p.p.PreproPassImpl -   > Desugarer
20:06:33.166 [main] INFO  a.f.a.t.p.p.PreproPassImpl -   > UniqueRenamer
20:06:33.181 [main] INFO  a.f.a.t.p.p.PreproPassImpl -   > Normalizer
20:06:33.190 [main] INFO  a.f.a.t.p.p.PreproPassImpl -   > Keramelizer
20:06:33.208 [main] INFO  a.f.a.t.p.p.PreproPassImpl -   > After preprocessing: UniqueRenamer
20:06:33.224 [main] DEBUG a.f.a.i.p.PassChainExecutor - PASS #8: PreprocessingPass [OK]
20:06:33.225 [main] INFO  a.f.a.i.p.PassChainExecutor - PASS #9: TransitionFinderPass
20:06:33.269 [main] INFO  a.f.a.t.a.p.TransitionPassImpl -   > Found 1 initializing transitions
20:06:33.281 [main] INFO  a.f.a.t.a.p.TransitionPassImpl -   > Found 3 transitions
20:06:33.282 [main] INFO  a.f.a.t.a.p.TransitionPassImpl -   > Found constant initializer CInit12
20:06:33.283 [main] INFO  a.f.a.t.a.p.TransitionPassImpl -   > Applying unique renaming
20:06:33.288 [main] DEBUG a.f.a.i.p.PassChainExecutor - PASS #9: TransitionFinderPass [OK]
20:06:33.288 [main] INFO  a.f.a.i.p.PassChainExecutor - PASS #10: OptimizationPass
20:06:33.294 [main] INFO  a.f.a.t.p.p.OptPassImpl -  > Applying optimizations:
20:06:33.296 [main] INFO  a.f.a.t.p.p.OptPassImpl -   > ConstSimplifier
20:06:33.300 [main] INFO  a.f.a.t.p.p.OptPassImpl -   > ExprOptimizer
20:06:33.302 [main] INFO  a.f.a.t.p.p.OptPassImpl -   > ConstSimplifier
20:06:33.304 [main] DEBUG a.f.a.i.p.PassChainExecutor - PASS #10: OptimizationPass [OK]
20:06:33.310 [main] INFO  a.f.a.i.p.PassChainExecutor - PASS #11: AnalysisPass
20:06:33.314 [main] INFO  a.f.a.t.b.p.AnalysisPassImpl -  > Marking skolemizable existentials and sets to be expanded...
20:06:33.315 [main] INFO  a.f.a.t.b.p.AnalysisPassImpl -   > Skolemization
20:06:33.316 [main] INFO  a.f.a.t.b.p.AnalysisPassImpl -   > Expansion
20:06:33.318 [main] INFO  a.f.a.t.b.p.AnalysisPassImpl -   > Remove unused let-in defs
20:06:33.332 [main] INFO  a.f.a.t.b.p.AnalysisPassImpl -  > Running analyzers...
20:06:33.343 [main] INFO  a.f.a.t.b.p.AnalysisPassImpl -   > Introduced expression grades
20:06:33.344 [main] INFO  a.f.a.t.b.p.AnalysisPassImpl -   > Introduced 2 formula hints
20:06:33.344 [main] DEBUG a.f.a.i.p.PassChainExecutor - PASS #11: AnalysisPass [OK]
20:06:33.347 [main] INFO  a.f.a.i.p.PassChainExecutor - PASS #12: PostTypeCheckerSnowcat
20:06:33.347 [main] INFO  a.f.a.t.b.p.PostTypeCheckerPassImpl -  > Running Snowcat .::.
20:06:33.655 [main] INFO  a.f.a.t.b.p.PostTypeCheckerPassImpl -  > Your types are great!
20:06:33.656 [main] INFO  a.f.a.t.b.p.PostTypeCheckerPassImpl -  > All expressions are typed
20:06:33.657 [main] DEBUG a.f.a.i.p.PassChainExecutor - PASS #12: PostTypeCheckerSnowcat [OK]
20:06:33.657 [main] INFO  a.f.a.i.p.PassChainExecutor - PASS #13: BoundedChecker
20:06:34.117 [main] DEBUG a.f.a.t.b.t.TransitionExecutorImpl - Initializing CONSTANTS
20:06:34.185 [main] DEBUG a.f.a.t.b.t.TransitionExecutorImpl - Step #0, transition #0
20:06:34.189 [main] DEBUG a.f.a.t.b.t.TransitionExecutorImpl - Translating to SMT...
20:06:34.255 [main] DEBUG a.f.a.t.b.SeqModelChecker - Step 0: Transition #0. Is it enabled?
20:06:34.258 [main] DEBUG a.f.a.t.b.SeqModelChecker - Step 0: Transition #0 is enabled
20:06:34.259 [main] INFO  a.f.a.t.b.SeqModelChecker - State 0: Checking 1 state invariants
20:06:34.270 [main] DEBUG a.f.a.t.b.SeqModelChecker - State 0: Checking state invariant 0
20:06:34.290 [main] INFO  a.f.a.t.b.t.TransitionExecutorImpl - Step 0: picking a transition out of 1 transition(s)
20:06:34.297 [main] DEBUG a.f.a.t.b.t.TransitionExecutorImpl - Step #1, transition #0
20:06:34.297 [main] DEBUG a.f.a.t.b.t.TransitionExecutorImpl - Translating to SMT...
20:06:34.449 [main] DEBUG a.f.a.t.b.SeqModelChecker - Step 1: Transition #0. Is it enabled?
20:06:34.460 [main] DEBUG a.f.a.t.b.SeqModelChecker - Step 1: Transition #0 is enabled
20:06:34.461 [main] INFO  a.f.a.t.b.SeqModelChecker - State 1: Checking 1 state invariants
20:06:34.461 [main] DEBUG a.f.a.t.b.SeqModelChecker - State 1: Checking state invariant 0
20:06:34.467 [main] DEBUG a.f.a.t.b.t.TransitionExecutorImpl - Step #1, transition #1
20:06:34.468 [main] DEBUG a.f.a.t.b.t.TransitionExecutorImpl - Translating to SMT...
20:06:34.485 [main] DEBUG a.f.a.t.b.t.TransitionExecutorImpl - Transition 1 produces partial assignment. Disabled.
20:06:34.485 [main] DEBUG a.f.a.t.b.t.TransitionExecutorImpl - Step #1, transition #2
20:06:34.485 [main] DEBUG a.f.a.t.b.t.TransitionExecutorImpl - Translating to SMT...
20:06:34.494 [main] DEBUG a.f.a.t.b.t.TransitionExecutorImpl - Transition 2 produces partial assignment. Disabled.
20:06:34.495 [main] INFO  a.f.a.t.b.t.TransitionExecutorImpl - Step 1: picking a transition out of 1 transition(s)
20:06:34.496 [main] DEBUG a.f.a.t.b.t.TransitionExecutorImpl - Step #2, transition #0
20:06:34.496 [main] DEBUG a.f.a.t.b.t.TransitionExecutorImpl - Translating to SMT...
20:06:34.590 [main] DEBUG a.f.a.t.b.SeqModelChecker - Step 2: Transition #0. Is it enabled?
20:06:34.594 [main] DEBUG a.f.a.t.b.SeqModelChecker - Step 2: Transition #0 is enabled
20:06:34.595 [main] INFO  a.f.a.t.b.SeqModelChecker - State 2: Checking 1 state invariants
20:06:34.595 [main] DEBUG a.f.a.t.b.SeqModelChecker - State 2: Checking state invariant 0
20:06:34.600 [main] DEBUG a.f.a.t.b.t.TransitionExecutorImpl - Step #2, transition #1
20:06:34.600 [main] DEBUG a.f.a.t.b.t.TransitionExecutorImpl - Translating to SMT...
20:06:34.610 [main] DEBUG a.f.a.t.b.SeqModelChecker - Step 2: Transition #1. Is it enabled?
20:06:34.613 [main] DEBUG a.f.a.t.b.SeqModelChecker - Step 2: Transition #1 is enabled
20:06:34.613 [main] INFO  a.f.a.t.b.SeqModelChecker - State 2: Checking 1 state invariants
20:06:34.613 [main] DEBUG a.f.a.t.b.SeqModelChecker - State 2: Checking state invariant 0
20:06:34.622 [main] DEBUG a.f.a.t.b.t.TransitionExecutorImpl - Step #2, transition #2
20:06:34.622 [main] DEBUG a.f.a.t.b.t.TransitionExecutorImpl - Translating to SMT...
20:06:34.638 [main] DEBUG a.f.a.t.b.SeqModelChecker - Step 2: Transition #2. Is it enabled?
20:06:34.645 [main] DEBUG a.f.a.t.b.SeqModelChecker - Step 2: Transition #2 is enabled
20:06:34.646 [main] INFO  a.f.a.t.b.SeqModelChecker - State 2: Checking 1 state invariants
20:06:34.646 [main] DEBUG a.f.a.t.b.SeqModelChecker - State 2: Checking state invariant 0
20:06:34.649 [main] INFO  a.f.a.t.b.t.TransitionExecutorImpl - Step 2: picking a transition out of 3 transition(s)
20:06:34.702 [main] DEBUG a.f.a.t.b.t.TransitionExecutorImpl - Step #3, transition #0
20:06:34.703 [main] DEBUG a.f.a.t.b.t.TransitionExecutorImpl - Translating to SMT...
20:06:34.723 [main] DEBUG a.f.a.t.b.SeqModelChecker - Step 3: Transition #0. Is it enabled?
20:06:34.791 [main] DEBUG a.f.a.t.b.SeqModelChecker - Step 3: Transition #0 is enabled
20:06:34.792 [main] INFO  a.f.a.t.b.SeqModelChecker - State 3: Checking 1 state invariants
20:06:34.795 [main] DEBUG a.f.a.t.b.SeqModelChecker - State 3: Checking state invariant 0
20:06:34.799 [main] DEBUG a.f.a.t.b.t.TransitionExecutorImpl - Step #3, transition #1
20:06:34.799 [main] DEBUG a.f.a.t.b.t.TransitionExecutorImpl - Translating to SMT...
20:06:34.822 [main] DEBUG a.f.a.t.b.SeqModelChecker - Step 3: Transition #1. Is it enabled?
20:06:34.826 [main] DEBUG a.f.a.t.b.SeqModelChecker - Step 3: Transition #1 is enabled
20:06:34.827 [main] INFO  a.f.a.t.b.SeqModelChecker - State 3: Checking 1 state invariants
20:06:34.827 [main] DEBUG a.f.a.t.b.SeqModelChecker - State 3: Checking state invariant 0
20:06:35.473 [main] ERROR a.f.a.t.b.SeqModelChecker - State 3: state invariant 0 violated. Check the counterexample in: 
  /home/runner/work/apalache-tests/apalache-tests/runs/012encoding+SetSndRcv-apalache-0.17.6-SNAPSHOT/exp/007/_apalache-out/SetSndRcv.tla/2021-12-02T20-06-31_8926383878728099858/counterexample1.tla
  /home/runner/work/apalache-tests/apalache-tests/runs/012encoding+SetSndRcv-apalache-0.17.6-SNAPSHOT/exp/007/_apalache-out/SetSndRcv.tla/2021-12-02T20-06-31_8926383878728099858/MC1.out
  /home/runner/work/apalache-tests/apalache-tests/runs/012encoding+SetSndRcv-apalache-0.17.6-SNAPSHOT/exp/007/_apalache-out/SetSndRcv.tla/2021-12-02T20-06-31_8926383878728099858/counterexample1.json
20:06:35.476 [main] INFO  a.f.a.t.b.SeqModelChecker - Found 1 error(s)
20:06:35.490 [main] INFO  a.f.a.t.b.p.BoundedCheckerPassImpl - The outcome is: Error
20:06:35.490 [main] DEBUG a.f.a.i.p.PassChainExecutor - PASS #13: BoundedChecker [FAIL]
20:06:35.490 [main] INFO  a.f.a.t.Tool$ - Checker has found an error
20:06:35.492 [main] INFO  a.f.a.t.Tool$ - It took me 0 days  0 hours  0 min  4 sec
20:06:35.498 [main] INFO  a.f.a.t.Tool$ - Total time: 4.330 sec
