20:07:06.284 [main] INFO  a.f.a.t.Tool$ - Checker options: filename=SetSndRcv.tla, init=Init, next=Next, inv=Inv
20:07:06.288 [main] INFO  a.f.a.t.Tool$ - Tuning: 
20:07:06.292 [main] INFO  a.f.a.i.p.PassChainExecutor - PASS #0: SanyParser
20:07:07.419 [main] DEBUG a.f.a.i.p.PassChainExecutor - PASS #0: SanyParser [OK]
20:07:07.420 [main] INFO  a.f.a.i.p.PassChainExecutor - PASS #1: TypeCheckerSnowcat
20:07:07.421 [main] INFO  a.f.a.t.t.p.EtcTypeCheckerPassImpl -  > Running Snowcat .::.
20:07:08.042 [main] INFO  a.f.a.t.t.p.EtcTypeCheckerPassImpl -  > Your types are great!
20:07:08.043 [main] INFO  a.f.a.t.t.p.EtcTypeCheckerPassImpl -  > All expressions are typed
20:07:08.053 [main] DEBUG a.f.a.i.p.PassChainExecutor - PASS #1: TypeCheckerSnowcat [OK]
20:07:08.054 [main] INFO  a.f.a.i.p.PassChainExecutor - PASS #2: ConfigurationPass
20:07:08.057 [main] INFO  a.f.a.t.p.p.ConfigurationPassImpl -   > SetSndRcv.cfg: Loading TLC configuration
20:07:08.068 [main] INFO  a.f.a.t.p.p.ConfigurationPassImpl -   > No TLC configuration found. Skipping.
20:07:08.076 [main] INFO  a.f.a.t.p.p.ConfigurationPassImpl -   > Set the initialization predicate to Init
20:07:08.077 [main] INFO  a.f.a.t.p.p.ConfigurationPassImpl -   > Set the constant initialization predicate to CInit14
20:07:08.077 [main] INFO  a.f.a.t.p.p.ConfigurationPassImpl -   > Set the transition predicate to Next
20:07:08.078 [main] INFO  a.f.a.t.p.p.ConfigurationPassImpl -   > Set an invariant to Inv
20:07:08.086 [main] DEBUG a.f.a.i.p.PassChainExecutor - PASS #2: ConfigurationPass [OK]
20:07:08.088 [main] INFO  a.f.a.i.p.PassChainExecutor - PASS #3: DesugarerPass
20:07:08.092 [main] INFO  a.f.a.t.p.p.DesugarerPassImpl -   > Desugaring...
20:07:08.124 [main] DEBUG a.f.a.i.p.PassChainExecutor - PASS #3: DesugarerPass [OK]
20:07:08.125 [main] INFO  a.f.a.i.p.PassChainExecutor - PASS #4: UnrollPass
20:07:08.181 [main] INFO  a.f.a.t.p.p.UnrollPassImpl -   > Unroller
20:07:08.198 [main] DEBUG a.f.a.i.p.PassChainExecutor - PASS #4: UnrollPass [OK]
20:07:08.205 [main] INFO  a.f.a.i.p.PassChainExecutor - PASS #5: InlinePass
20:07:08.216 [main] INFO  a.f.a.t.p.p.InlinePassImpl -   > InlinerOfUserOper
20:07:08.229 [main] INFO  a.f.a.t.p.p.InlinePassImpl -   > Wrap
20:07:08.233 [main] INFO  a.f.a.t.p.p.InlinePassImpl -   > CallByNameOperatorEmbedder
20:07:08.236 [main] INFO  a.f.a.t.p.p.InlinePassImpl -   > LetInExpander
20:07:08.242 [main] INFO  a.f.a.t.p.p.InlinePassImpl -   > Unwrap
20:07:08.244 [main] INFO  a.f.a.t.p.p.InlinePassImpl -   > InlinerOfUserOper
20:07:08.262 [main] INFO  a.f.a.t.p.p.InlinePassImpl - Leaving only relevant operators: CInit14, CInit14Primed, Init, InitPrimed, Inv, Next
20:07:08.266 [main] DEBUG a.f.a.i.p.PassChainExecutor - PASS #5: InlinePass [OK]
20:07:08.267 [main] INFO  a.f.a.i.p.PassChainExecutor - PASS #6: PrimingPass
20:07:08.270 [main] INFO  a.f.a.t.a.p.PrimingPassImpl -   > Introducing CInit14Primed for CInit14'
20:07:08.271 [main] INFO  a.f.a.t.a.p.PrimingPassImpl -   > Introducing InitPrimed for Init'
20:07:08.279 [main] DEBUG a.f.a.i.p.PassChainExecutor - PASS #6: PrimingPass [OK]
20:07:08.279 [main] INFO  a.f.a.i.p.PassChainExecutor - PASS #7: VCGen
20:07:08.282 [main] INFO  a.f.a.t.b.p.VCGenPassImpl -   > Producing verification conditions from the invariant Inv
20:07:08.292 [main] INFO  a.f.a.t.b.VCGenerator -   > VCGen produced 1 verification condition(s)
20:07:08.298 [main] DEBUG a.f.a.i.p.PassChainExecutor - PASS #7: VCGen [OK]
20:07:08.299 [main] INFO  a.f.a.i.p.PassChainExecutor - PASS #8: PreprocessingPass
20:07:08.299 [main] INFO  a.f.a.t.p.p.PreproPassImpl -   > Before preprocessing: unique renaming
20:07:08.310 [main] INFO  a.f.a.t.p.p.PreproPassImpl -  > Applying standard transformations:
20:07:08.316 [main] INFO  a.f.a.t.p.p.PreproPassImpl -   > PrimePropagation
20:07:08.318 [main] INFO  a.f.a.t.p.p.PreproPassImpl -   > Desugarer
20:07:08.320 [main] INFO  a.f.a.t.p.p.PreproPassImpl -   > UniqueRenamer
20:07:08.336 [main] INFO  a.f.a.t.p.p.PreproPassImpl -   > Normalizer
20:07:08.343 [main] INFO  a.f.a.t.p.p.PreproPassImpl -   > Keramelizer
20:07:08.360 [main] INFO  a.f.a.t.p.p.PreproPassImpl -   > After preprocessing: UniqueRenamer
20:07:08.391 [main] DEBUG a.f.a.i.p.PassChainExecutor - PASS #8: PreprocessingPass [OK]
20:07:08.391 [main] INFO  a.f.a.i.p.PassChainExecutor - PASS #9: TransitionFinderPass
20:07:08.445 [main] INFO  a.f.a.t.a.p.TransitionPassImpl -   > Found 1 initializing transitions
20:07:08.488 [main] INFO  a.f.a.t.a.p.TransitionPassImpl -   > Found 3 transitions
20:07:08.488 [main] INFO  a.f.a.t.a.p.TransitionPassImpl -   > Found constant initializer CInit14
20:07:08.498 [main] INFO  a.f.a.t.a.p.TransitionPassImpl -   > Applying unique renaming
20:07:08.507 [main] DEBUG a.f.a.i.p.PassChainExecutor - PASS #9: TransitionFinderPass [OK]
20:07:08.513 [main] INFO  a.f.a.i.p.PassChainExecutor - PASS #10: OptimizationPass
20:07:08.528 [main] INFO  a.f.a.t.p.p.OptPassImpl -  > Applying optimizations:
20:07:08.531 [main] INFO  a.f.a.t.p.p.OptPassImpl -   > ConstSimplifier
20:07:08.548 [main] INFO  a.f.a.t.p.p.OptPassImpl -   > ExprOptimizer
20:07:08.552 [main] INFO  a.f.a.t.p.p.OptPassImpl -   > ConstSimplifier
20:07:08.555 [main] DEBUG a.f.a.i.p.PassChainExecutor - PASS #10: OptimizationPass [OK]
20:07:08.556 [main] INFO  a.f.a.i.p.PassChainExecutor - PASS #11: AnalysisPass
20:07:08.561 [main] INFO  a.f.a.t.b.p.AnalysisPassImpl -  > Marking skolemizable existentials and sets to be expanded...
20:07:08.564 [main] INFO  a.f.a.t.b.p.AnalysisPassImpl -   > Skolemization
20:07:08.565 [main] INFO  a.f.a.t.b.p.AnalysisPassImpl -   > Expansion
20:07:08.576 [main] INFO  a.f.a.t.b.p.AnalysisPassImpl -   > Remove unused let-in defs
20:07:08.582 [main] INFO  a.f.a.t.b.p.AnalysisPassImpl -  > Running analyzers...
20:07:08.590 [main] INFO  a.f.a.t.b.p.AnalysisPassImpl -   > Introduced expression grades
20:07:08.590 [main] INFO  a.f.a.t.b.p.AnalysisPassImpl -   > Introduced 2 formula hints
20:07:08.591 [main] DEBUG a.f.a.i.p.PassChainExecutor - PASS #11: AnalysisPass [OK]
20:07:08.591 [main] INFO  a.f.a.i.p.PassChainExecutor - PASS #12: PostTypeCheckerSnowcat
20:07:08.592 [main] INFO  a.f.a.t.b.p.PostTypeCheckerPassImpl -  > Running Snowcat .::.
20:07:08.949 [main] INFO  a.f.a.t.b.p.PostTypeCheckerPassImpl -  > Your types are great!
20:07:08.950 [main] INFO  a.f.a.t.b.p.PostTypeCheckerPassImpl -  > All expressions are typed
20:07:08.951 [main] DEBUG a.f.a.i.p.PassChainExecutor - PASS #12: PostTypeCheckerSnowcat [OK]
20:07:08.951 [main] INFO  a.f.a.i.p.PassChainExecutor - PASS #13: BoundedChecker
20:07:09.338 [main] DEBUG a.f.a.t.b.t.TransitionExecutorImpl - Initializing CONSTANTS
20:07:09.429 [main] DEBUG a.f.a.t.b.t.TransitionExecutorImpl - Step #0, transition #0
20:07:09.430 [main] DEBUG a.f.a.t.b.t.TransitionExecutorImpl - Translating to SMT...
20:07:09.511 [main] DEBUG a.f.a.t.b.SeqModelChecker - Step 0: Transition #0. Is it enabled?
20:07:09.513 [main] DEBUG a.f.a.t.b.SeqModelChecker - Step 0: Transition #0 is enabled
20:07:09.514 [main] INFO  a.f.a.t.b.SeqModelChecker - State 0: Checking 1 state invariants
20:07:09.516 [main] DEBUG a.f.a.t.b.SeqModelChecker - State 0: Checking state invariant 0
20:07:09.542 [main] INFO  a.f.a.t.b.t.TransitionExecutorImpl - Step 0: picking a transition out of 1 transition(s)
20:07:09.550 [main] DEBUG a.f.a.t.b.t.TransitionExecutorImpl - Step #1, transition #0
20:07:09.553 [main] DEBUG a.f.a.t.b.t.TransitionExecutorImpl - Translating to SMT...
20:07:09.749 [main] DEBUG a.f.a.t.b.SeqModelChecker - Step 1: Transition #0. Is it enabled?
20:07:09.750 [main] DEBUG a.f.a.t.b.SeqModelChecker - Step 1: Transition #0 is enabled
20:07:09.750 [main] INFO  a.f.a.t.b.SeqModelChecker - State 1: Checking 1 state invariants
20:07:09.760 [main] DEBUG a.f.a.t.b.SeqModelChecker - State 1: Checking state invariant 0
20:07:09.771 [main] DEBUG a.f.a.t.b.t.TransitionExecutorImpl - Step #1, transition #1
20:07:09.771 [main] DEBUG a.f.a.t.b.t.TransitionExecutorImpl - Translating to SMT...
20:07:09.777 [main] DEBUG a.f.a.t.b.t.TransitionExecutorImpl - Transition 1 produces partial assignment. Disabled.
20:07:09.778 [main] DEBUG a.f.a.t.b.t.TransitionExecutorImpl - Step #1, transition #2
20:07:09.778 [main] DEBUG a.f.a.t.b.t.TransitionExecutorImpl - Translating to SMT...
20:07:09.794 [main] DEBUG a.f.a.t.b.t.TransitionExecutorImpl - Transition 2 produces partial assignment. Disabled.
20:07:09.794 [main] INFO  a.f.a.t.b.t.TransitionExecutorImpl - Step 1: picking a transition out of 1 transition(s)
20:07:09.796 [main] DEBUG a.f.a.t.b.t.TransitionExecutorImpl - Step #2, transition #0
20:07:09.796 [main] DEBUG a.f.a.t.b.t.TransitionExecutorImpl - Translating to SMT...
20:07:09.854 [main] DEBUG a.f.a.t.b.SeqModelChecker - Step 2: Transition #0. Is it enabled?
20:07:09.855 [main] DEBUG a.f.a.t.b.SeqModelChecker - Step 2: Transition #0 is enabled
20:07:09.855 [main] INFO  a.f.a.t.b.SeqModelChecker - State 2: Checking 1 state invariants
20:07:09.855 [main] DEBUG a.f.a.t.b.SeqModelChecker - State 2: Checking state invariant 0
20:07:09.862 [main] DEBUG a.f.a.t.b.t.TransitionExecutorImpl - Step #2, transition #1
20:07:09.862 [main] DEBUG a.f.a.t.b.t.TransitionExecutorImpl - Translating to SMT...
20:07:09.901 [main] DEBUG a.f.a.t.b.SeqModelChecker - Step 2: Transition #1. Is it enabled?
20:07:09.901 [main] DEBUG a.f.a.t.b.SeqModelChecker - Step 2: Transition #1 is enabled
20:07:09.901 [main] INFO  a.f.a.t.b.SeqModelChecker - State 2: Checking 1 state invariants
20:07:09.901 [main] DEBUG a.f.a.t.b.SeqModelChecker - State 2: Checking state invariant 0
20:07:09.907 [main] DEBUG a.f.a.t.b.t.TransitionExecutorImpl - Step #2, transition #2
20:07:09.907 [main] DEBUG a.f.a.t.b.t.TransitionExecutorImpl - Translating to SMT...
20:07:09.928 [main] DEBUG a.f.a.t.b.SeqModelChecker - Step 2: Transition #2. Is it enabled?
20:07:09.928 [main] DEBUG a.f.a.t.b.SeqModelChecker - Step 2: Transition #2 is enabled
20:07:09.928 [main] INFO  a.f.a.t.b.SeqModelChecker - State 2: Checking 1 state invariants
20:07:09.928 [main] DEBUG a.f.a.t.b.SeqModelChecker - State 2: Checking state invariant 0
20:07:09.934 [main] INFO  a.f.a.t.b.t.TransitionExecutorImpl - Step 2: picking a transition out of 3 transition(s)
20:07:10.025 [main] DEBUG a.f.a.t.b.t.TransitionExecutorImpl - Step #3, transition #0
20:07:10.025 [main] DEBUG a.f.a.t.b.t.TransitionExecutorImpl - Translating to SMT...
20:07:10.068 [main] DEBUG a.f.a.t.b.SeqModelChecker - Step 3: Transition #0. Is it enabled?
20:07:10.068 [main] DEBUG a.f.a.t.b.SeqModelChecker - Step 3: Transition #0 is enabled
20:07:10.069 [main] INFO  a.f.a.t.b.SeqModelChecker - State 3: Checking 1 state invariants
20:07:10.070 [main] DEBUG a.f.a.t.b.SeqModelChecker - State 3: Checking state invariant 0
20:07:10.074 [main] DEBUG a.f.a.t.b.t.TransitionExecutorImpl - Step #3, transition #1
20:07:10.074 [main] DEBUG a.f.a.t.b.t.TransitionExecutorImpl - Translating to SMT...
20:07:10.090 [main] DEBUG a.f.a.t.b.SeqModelChecker - Step 3: Transition #1. Is it enabled?
20:07:10.090 [main] DEBUG a.f.a.t.b.SeqModelChecker - Step 3: Transition #1 is enabled
20:07:10.090 [main] INFO  a.f.a.t.b.SeqModelChecker - State 3: Checking 1 state invariants
20:07:10.094 [main] DEBUG a.f.a.t.b.SeqModelChecker - State 3: Checking state invariant 0
20:07:10.098 [main] DEBUG a.f.a.t.b.t.TransitionExecutorImpl - Step #3, transition #2
20:07:10.098 [main] DEBUG a.f.a.t.b.t.TransitionExecutorImpl - Translating to SMT...
20:07:10.104 [main] DEBUG a.f.a.t.b.SeqModelChecker - Step 3: Transition #2. Is it enabled?
20:07:10.105 [main] DEBUG a.f.a.t.b.SeqModelChecker - Step 3: Transition #2 is enabled
20:07:10.105 [main] INFO  a.f.a.t.b.SeqModelChecker - State 3: Checking 1 state invariants
20:07:10.105 [main] DEBUG a.f.a.t.b.SeqModelChecker - State 3: Checking state invariant 0
20:07:10.114 [main] INFO  a.f.a.t.b.t.TransitionExecutorImpl - Step 3: picking a transition out of 3 transition(s)
20:07:10.148 [main] DEBUG a.f.a.t.b.t.TransitionExecutorImpl - Step #4, transition #0
20:07:10.148 [main] DEBUG a.f.a.t.b.t.TransitionExecutorImpl - Translating to SMT...
20:07:10.171 [main] DEBUG a.f.a.t.b.SeqModelChecker - Step 4: Transition #0. Is it enabled?
20:07:10.177 [main] DEBUG a.f.a.t.b.SeqModelChecker - Step 4: Transition #0 is enabled
20:07:10.177 [main] INFO  a.f.a.t.b.SeqModelChecker - State 4: Checking 1 state invariants
20:07:10.178 [main] DEBUG a.f.a.t.b.SeqModelChecker - State 4: Checking state invariant 0
20:07:10.196 [main] DEBUG a.f.a.t.b.t.TransitionExecutorImpl - Step #4, transition #1
20:07:10.196 [main] DEBUG a.f.a.t.b.t.TransitionExecutorImpl - Translating to SMT...
20:07:10.209 [main] DEBUG a.f.a.t.b.SeqModelChecker - Step 4: Transition #1. Is it enabled?
20:07:10.210 [main] DEBUG a.f.a.t.b.SeqModelChecker - Step 4: Transition #1 is enabled
20:07:10.210 [main] INFO  a.f.a.t.b.SeqModelChecker - State 4: Checking 1 state invariants
20:07:10.211 [main] DEBUG a.f.a.t.b.SeqModelChecker - State 4: Checking state invariant 0
20:07:10.215 [main] DEBUG a.f.a.t.b.t.TransitionExecutorImpl - Step #4, transition #2
20:07:10.217 [main] DEBUG a.f.a.t.b.t.TransitionExecutorImpl - Translating to SMT...
20:07:10.232 [main] DEBUG a.f.a.t.b.SeqModelChecker - Step 4: Transition #2. Is it enabled?
20:07:10.234 [main] DEBUG a.f.a.t.b.SeqModelChecker - Step 4: Transition #2 is enabled
20:07:10.235 [main] INFO  a.f.a.t.b.SeqModelChecker - State 4: Checking 1 state invariants
20:07:10.236 [main] DEBUG a.f.a.t.b.SeqModelChecker - State 4: Checking state invariant 0
20:07:10.240 [main] INFO  a.f.a.t.b.t.TransitionExecutorImpl - Step 4: picking a transition out of 3 transition(s)
20:07:10.275 [main] DEBUG a.f.a.t.b.t.TransitionExecutorImpl - Step #5, transition #0
20:07:10.275 [main] DEBUG a.f.a.t.b.t.TransitionExecutorImpl - Translating to SMT...
20:07:10.300 [main] DEBUG a.f.a.t.b.SeqModelChecker - Step 5: Transition #0. Is it enabled?
20:07:10.301 [main] DEBUG a.f.a.t.b.SeqModelChecker - Step 5: Transition #0 is enabled
20:07:10.301 [main] INFO  a.f.a.t.b.SeqModelChecker - State 5: Checking 1 state invariants
20:07:10.301 [main] DEBUG a.f.a.t.b.SeqModelChecker - State 5: Checking state invariant 0
20:07:10.314 [main] DEBUG a.f.a.t.b.t.TransitionExecutorImpl - Step #5, transition #1
20:07:10.314 [main] DEBUG a.f.a.t.b.t.TransitionExecutorImpl - Translating to SMT...
20:07:10.323 [main] DEBUG a.f.a.t.b.SeqModelChecker - Step 5: Transition #1. Is it enabled?
20:07:10.323 [main] DEBUG a.f.a.t.b.SeqModelChecker - Step 5: Transition #1 is enabled
20:07:10.324 [main] INFO  a.f.a.t.b.SeqModelChecker - State 5: Checking 1 state invariants
20:07:10.325 [main] DEBUG a.f.a.t.b.SeqModelChecker - State 5: Checking state invariant 0
20:07:10.347 [main] DEBUG a.f.a.t.b.t.TransitionExecutorImpl - Step #5, transition #2
20:07:10.347 [main] DEBUG a.f.a.t.b.t.TransitionExecutorImpl - Translating to SMT...
20:07:10.352 [main] DEBUG a.f.a.t.b.SeqModelChecker - Step 5: Transition #2. Is it enabled?
20:07:10.355 [main] DEBUG a.f.a.t.b.SeqModelChecker - Step 5: Transition #2 is enabled
20:07:10.356 [main] INFO  a.f.a.t.b.SeqModelChecker - State 5: Checking 1 state invariants
20:07:10.366 [main] DEBUG a.f.a.t.b.SeqModelChecker - State 5: Checking state invariant 0
20:07:10.379 [main] INFO  a.f.a.t.b.t.TransitionExecutorImpl - Step 5: picking a transition out of 3 transition(s)
20:07:10.410 [main] DEBUG a.f.a.t.b.t.TransitionExecutorImpl - Step #6, transition #0
20:07:10.410 [main] DEBUG a.f.a.t.b.t.TransitionExecutorImpl - Translating to SMT...
20:07:10.452 [main] DEBUG a.f.a.t.b.SeqModelChecker - Step 6: Transition #0. Is it enabled?
20:07:10.464 [main] DEBUG a.f.a.t.b.SeqModelChecker - Step 6: Transition #0 is enabled
20:07:10.464 [main] INFO  a.f.a.t.b.SeqModelChecker - State 6: Checking 1 state invariants
20:07:10.464 [main] DEBUG a.f.a.t.b.SeqModelChecker - State 6: Checking state invariant 0
20:07:10.468 [main] DEBUG a.f.a.t.b.t.TransitionExecutorImpl - Step #6, transition #1
20:07:10.468 [main] DEBUG a.f.a.t.b.t.TransitionExecutorImpl - Translating to SMT...
20:07:10.493 [main] DEBUG a.f.a.t.b.SeqModelChecker - Step 6: Transition #1. Is it enabled?
20:07:10.494 [main] DEBUG a.f.a.t.b.SeqModelChecker - Step 6: Transition #1 is enabled
20:07:10.494 [main] INFO  a.f.a.t.b.SeqModelChecker - State 6: Checking 1 state invariants
20:07:10.494 [main] DEBUG a.f.a.t.b.SeqModelChecker - State 6: Checking state invariant 0
20:07:10.521 [main] DEBUG a.f.a.t.b.t.TransitionExecutorImpl - Step #6, transition #2
20:07:10.523 [main] DEBUG a.f.a.t.b.t.TransitionExecutorImpl - Translating to SMT...
20:07:10.538 [main] DEBUG a.f.a.t.b.SeqModelChecker - Step 6: Transition #2. Is it enabled?
20:07:10.550 [main] DEBUG a.f.a.t.b.SeqModelChecker - Step 6: Transition #2 is enabled
20:07:10.566 [main] INFO  a.f.a.t.b.SeqModelChecker - State 6: Checking 1 state invariants
20:07:10.566 [main] DEBUG a.f.a.t.b.SeqModelChecker - State 6: Checking state invariant 0
20:07:10.569 [main] INFO  a.f.a.t.b.t.TransitionExecutorImpl - Step 6: picking a transition out of 3 transition(s)
20:07:10.589 [main] DEBUG a.f.a.t.b.t.TransitionExecutorImpl - Step #7, transition #0
20:07:10.589 [main] DEBUG a.f.a.t.b.t.TransitionExecutorImpl - Translating to SMT...
20:07:10.600 [main] DEBUG a.f.a.t.b.SeqModelChecker - Step 7: Transition #0. Is it enabled?
20:07:10.602 [main] DEBUG a.f.a.t.b.SeqModelChecker - Step 7: Transition #0 is enabled
20:07:10.602 [main] INFO  a.f.a.t.b.SeqModelChecker - State 7: Checking 1 state invariants
20:07:10.602 [main] DEBUG a.f.a.t.b.SeqModelChecker - State 7: Checking state invariant 0
20:07:10.605 [main] DEBUG a.f.a.t.b.t.TransitionExecutorImpl - Step #7, transition #1
20:07:10.606 [main] DEBUG a.f.a.t.b.t.TransitionExecutorImpl - Translating to SMT...
20:07:10.613 [main] DEBUG a.f.a.t.b.SeqModelChecker - Step 7: Transition #1. Is it enabled?
20:07:10.614 [main] DEBUG a.f.a.t.b.SeqModelChecker - Step 7: Transition #1 is enabled
20:07:10.614 [main] INFO  a.f.a.t.b.SeqModelChecker - State 7: Checking 1 state invariants
20:07:10.614 [main] DEBUG a.f.a.t.b.SeqModelChecker - State 7: Checking state invariant 0
20:07:10.758 [main] DEBUG a.f.a.t.b.t.TransitionExecutorImpl - Step #7, transition #2
20:07:10.768 [main] DEBUG a.f.a.t.b.t.TransitionExecutorImpl - Translating to SMT...
20:07:10.776 [main] DEBUG a.f.a.t.b.SeqModelChecker - Step 7: Transition #2. Is it enabled?
20:07:10.809 [main] DEBUG a.f.a.t.b.SeqModelChecker - Step 7: Transition #2 is enabled
20:07:10.809 [main] INFO  a.f.a.t.b.SeqModelChecker - State 7: Checking 1 state invariants
20:07:10.809 [main] DEBUG a.f.a.t.b.SeqModelChecker - State 7: Checking state invariant 0
20:07:10.814 [main] INFO  a.f.a.t.b.t.TransitionExecutorImpl - Step 7: picking a transition out of 3 transition(s)
20:07:10.845 [main] DEBUG a.f.a.t.b.t.TransitionExecutorImpl - Step #8, transition #0
20:07:10.845 [main] DEBUG a.f.a.t.b.t.TransitionExecutorImpl - Translating to SMT...
20:07:10.873 [main] DEBUG a.f.a.t.b.SeqModelChecker - Step 8: Transition #0. Is it enabled?
20:07:10.875 [main] DEBUG a.f.a.t.b.SeqModelChecker - Step 8: Transition #0 is enabled
20:07:10.876 [main] INFO  a.f.a.t.b.SeqModelChecker - State 8: Checking 1 state invariants
20:07:10.876 [main] DEBUG a.f.a.t.b.SeqModelChecker - State 8: Checking state invariant 0
20:07:10.878 [main] DEBUG a.f.a.t.b.t.TransitionExecutorImpl - Step #8, transition #1
20:07:10.878 [main] DEBUG a.f.a.t.b.t.TransitionExecutorImpl - Translating to SMT...
20:07:10.901 [main] DEBUG a.f.a.t.b.SeqModelChecker - Step 8: Transition #1. Is it enabled?
20:07:10.902 [main] DEBUG a.f.a.t.b.SeqModelChecker - Step 8: Transition #1 is enabled
20:07:10.902 [main] INFO  a.f.a.t.b.SeqModelChecker - State 8: Checking 1 state invariants
20:07:10.902 [main] DEBUG a.f.a.t.b.SeqModelChecker - State 8: Checking state invariant 0
20:07:11.418 [main] DEBUG a.f.a.t.b.t.TransitionExecutorImpl - Step #8, transition #2
20:07:11.418 [main] DEBUG a.f.a.t.b.t.TransitionExecutorImpl - Translating to SMT...
20:07:11.433 [main] DEBUG a.f.a.t.b.SeqModelChecker - Step 8: Transition #2. Is it enabled?
20:07:11.480 [main] DEBUG a.f.a.t.b.SeqModelChecker - Step 8: Transition #2 is enabled
20:07:11.480 [main] INFO  a.f.a.t.b.SeqModelChecker - State 8: Checking 1 state invariants
20:07:11.480 [main] DEBUG a.f.a.t.b.SeqModelChecker - State 8: Checking state invariant 0
20:07:11.499 [main] INFO  a.f.a.t.b.t.TransitionExecutorImpl - Step 8: picking a transition out of 3 transition(s)
20:07:11.539 [main] DEBUG a.f.a.t.b.t.TransitionExecutorImpl - Step #9, transition #0
20:07:11.540 [main] DEBUG a.f.a.t.b.t.TransitionExecutorImpl - Translating to SMT...
20:07:11.558 [main] DEBUG a.f.a.t.b.SeqModelChecker - Step 9: Transition #0. Is it enabled?
20:07:11.572 [main] DEBUG a.f.a.t.b.SeqModelChecker - Step 9: Transition #0 is enabled
20:07:11.572 [main] INFO  a.f.a.t.b.SeqModelChecker - State 9: Checking 1 state invariants
20:07:11.572 [main] DEBUG a.f.a.t.b.SeqModelChecker - State 9: Checking state invariant 0
20:07:11.575 [main] DEBUG a.f.a.t.b.t.TransitionExecutorImpl - Step #9, transition #1
20:07:11.575 [main] DEBUG a.f.a.t.b.t.TransitionExecutorImpl - Translating to SMT...
20:07:11.585 [main] DEBUG a.f.a.t.b.SeqModelChecker - Step 9: Transition #1. Is it enabled?
20:07:11.587 [main] DEBUG a.f.a.t.b.SeqModelChecker - Step 9: Transition #1 is enabled
20:07:11.587 [main] INFO  a.f.a.t.b.SeqModelChecker - State 9: Checking 1 state invariants
20:07:11.587 [main] DEBUG a.f.a.t.b.SeqModelChecker - State 9: Checking state invariant 0
20:07:14.481 [main] DEBUG a.f.a.t.b.t.TransitionExecutorImpl - Step #9, transition #2
20:07:14.481 [main] DEBUG a.f.a.t.b.t.TransitionExecutorImpl - Translating to SMT...
20:07:14.497 [main] DEBUG a.f.a.t.b.SeqModelChecker - Step 9: Transition #2. Is it enabled?
20:07:14.507 [main] DEBUG a.f.a.t.b.SeqModelChecker - Step 9: Transition #2 is enabled
20:07:14.508 [main] INFO  a.f.a.t.b.SeqModelChecker - State 9: Checking 1 state invariants
20:07:14.508 [main] DEBUG a.f.a.t.b.SeqModelChecker - State 9: Checking state invariant 0
20:07:14.513 [main] INFO  a.f.a.t.b.t.TransitionExecutorImpl - Step 9: picking a transition out of 3 transition(s)
20:07:14.545 [main] DEBUG a.f.a.t.b.t.TransitionExecutorImpl - Step #10, transition #0
20:07:14.545 [main] DEBUG a.f.a.t.b.t.TransitionExecutorImpl - Translating to SMT...
20:07:14.570 [main] DEBUG a.f.a.t.b.SeqModelChecker - Step 10: Transition #0. Is it enabled?
20:07:14.581 [main] DEBUG a.f.a.t.b.SeqModelChecker - Step 10: Transition #0 is enabled
20:07:14.581 [main] INFO  a.f.a.t.b.SeqModelChecker - State 10: Checking 1 state invariants
20:07:14.581 [main] DEBUG a.f.a.t.b.SeqModelChecker - State 10: Checking state invariant 0
20:07:14.584 [main] DEBUG a.f.a.t.b.t.TransitionExecutorImpl - Step #10, transition #1
20:07:14.584 [main] DEBUG a.f.a.t.b.t.TransitionExecutorImpl - Translating to SMT...
20:07:14.590 [main] DEBUG a.f.a.t.b.SeqModelChecker - Step 10: Transition #1. Is it enabled?
20:07:14.591 [main] DEBUG a.f.a.t.b.SeqModelChecker - Step 10: Transition #1 is enabled
20:07:14.591 [main] INFO  a.f.a.t.b.SeqModelChecker - State 10: Checking 1 state invariants
20:07:14.600 [main] DEBUG a.f.a.t.b.SeqModelChecker - State 10: Checking state invariant 0
20:07:19.472 [main] DEBUG a.f.a.t.b.t.TransitionExecutorImpl - Step #10, transition #2
20:07:19.473 [main] DEBUG a.f.a.t.b.t.TransitionExecutorImpl - Translating to SMT...
20:07:19.484 [main] DEBUG a.f.a.t.b.SeqModelChecker - Step 10: Transition #2. Is it enabled?
20:07:19.524 [main] DEBUG a.f.a.t.b.SeqModelChecker - Step 10: Transition #2 is enabled
20:07:19.524 [main] INFO  a.f.a.t.b.SeqModelChecker - State 10: Checking 1 state invariants
20:07:19.525 [main] DEBUG a.f.a.t.b.SeqModelChecker - State 10: Checking state invariant 0
20:07:19.528 [main] INFO  a.f.a.t.b.t.TransitionExecutorImpl - Step 10: picking a transition out of 3 transition(s)
20:07:19.560 [main] DEBUG a.f.a.t.b.t.TransitionExecutorImpl - Step #11, transition #0
20:07:19.564 [main] DEBUG a.f.a.t.b.t.TransitionExecutorImpl - Translating to SMT...
20:07:19.594 [main] DEBUG a.f.a.t.b.SeqModelChecker - Step 11: Transition #0. Is it enabled?
20:07:19.596 [main] DEBUG a.f.a.t.b.SeqModelChecker - Step 11: Transition #0 is enabled
20:07:19.596 [main] INFO  a.f.a.t.b.SeqModelChecker - State 11: Checking 1 state invariants
20:07:19.604 [main] DEBUG a.f.a.t.b.SeqModelChecker - State 11: Checking state invariant 0
20:07:19.607 [main] DEBUG a.f.a.t.b.t.TransitionExecutorImpl - Step #11, transition #1
20:07:19.607 [main] DEBUG a.f.a.t.b.t.TransitionExecutorImpl - Translating to SMT...
20:07:19.623 [main] DEBUG a.f.a.t.b.SeqModelChecker - Step 11: Transition #1. Is it enabled?
20:07:19.625 [main] DEBUG a.f.a.t.b.SeqModelChecker - Step 11: Transition #1 is enabled
20:07:19.625 [main] INFO  a.f.a.t.b.SeqModelChecker - State 11: Checking 1 state invariants
20:07:19.625 [main] DEBUG a.f.a.t.b.SeqModelChecker - State 11: Checking state invariant 0
20:07:25.072 [main] DEBUG a.f.a.t.b.t.TransitionExecutorImpl - Step #11, transition #2
20:07:25.072 [main] DEBUG a.f.a.t.b.t.TransitionExecutorImpl - Translating to SMT...
20:07:25.077 [main] DEBUG a.f.a.t.b.SeqModelChecker - Step 11: Transition #2. Is it enabled?
20:07:25.120 [main] DEBUG a.f.a.t.b.SeqModelChecker - Step 11: Transition #2 is enabled
20:07:25.120 [main] INFO  a.f.a.t.b.SeqModelChecker - State 11: Checking 1 state invariants
20:07:25.120 [main] DEBUG a.f.a.t.b.SeqModelChecker - State 11: Checking state invariant 0
20:07:25.123 [main] INFO  a.f.a.t.b.t.TransitionExecutorImpl - Step 11: picking a transition out of 3 transition(s)
20:07:25.142 [main] DEBUG a.f.a.t.b.t.TransitionExecutorImpl - Step #12, transition #0
20:07:25.143 [main] DEBUG a.f.a.t.b.t.TransitionExecutorImpl - Translating to SMT...
20:07:25.153 [main] DEBUG a.f.a.t.b.SeqModelChecker - Step 12: Transition #0. Is it enabled?
20:07:25.155 [main] DEBUG a.f.a.t.b.SeqModelChecker - Step 12: Transition #0 is enabled
20:07:25.155 [main] INFO  a.f.a.t.b.SeqModelChecker - State 12: Checking 1 state invariants
20:07:25.156 [main] DEBUG a.f.a.t.b.SeqModelChecker - State 12: Checking state invariant 0
20:07:25.158 [main] DEBUG a.f.a.t.b.t.TransitionExecutorImpl - Step #12, transition #1
20:07:25.159 [main] DEBUG a.f.a.t.b.t.TransitionExecutorImpl - Translating to SMT...
20:07:25.165 [main] DEBUG a.f.a.t.b.SeqModelChecker - Step 12: Transition #1. Is it enabled?
20:07:25.167 [main] DEBUG a.f.a.t.b.SeqModelChecker - Step 12: Transition #1 is enabled
20:07:25.167 [main] INFO  a.f.a.t.b.SeqModelChecker - State 12: Checking 1 state invariants
20:07:25.167 [main] DEBUG a.f.a.t.b.SeqModelChecker - State 12: Checking state invariant 0
20:08:33.613 [main] DEBUG a.f.a.t.b.t.TransitionExecutorImpl - Step #12, transition #2
20:08:33.613 [main] DEBUG a.f.a.t.b.t.TransitionExecutorImpl - Translating to SMT...
20:08:33.618 [main] DEBUG a.f.a.t.b.SeqModelChecker - Step 12: Transition #2. Is it enabled?
20:08:33.657 [main] DEBUG a.f.a.t.b.SeqModelChecker - Step 12: Transition #2 is enabled
20:08:33.657 [main] INFO  a.f.a.t.b.SeqModelChecker - State 12: Checking 1 state invariants
20:08:33.657 [main] DEBUG a.f.a.t.b.SeqModelChecker - State 12: Checking state invariant 0
20:08:33.660 [main] INFO  a.f.a.t.b.t.TransitionExecutorImpl - Step 12: picking a transition out of 3 transition(s)
20:08:33.673 [main] DEBUG a.f.a.t.b.t.TransitionExecutorImpl - Step #13, transition #0
20:08:33.673 [main] DEBUG a.f.a.t.b.t.TransitionExecutorImpl - Translating to SMT...
20:08:33.682 [main] DEBUG a.f.a.t.b.SeqModelChecker - Step 13: Transition #0. Is it enabled?
20:08:33.689 [main] DEBUG a.f.a.t.b.SeqModelChecker - Step 13: Transition #0 is enabled
20:08:33.689 [main] INFO  a.f.a.t.b.SeqModelChecker - State 13: Checking 1 state invariants
20:08:33.690 [main] DEBUG a.f.a.t.b.SeqModelChecker - State 13: Checking state invariant 0
20:08:33.693 [main] DEBUG a.f.a.t.b.t.TransitionExecutorImpl - Step #13, transition #1
20:08:33.693 [main] DEBUG a.f.a.t.b.t.TransitionExecutorImpl - Translating to SMT...
20:08:33.701 [main] DEBUG a.f.a.t.b.SeqModelChecker - Step 13: Transition #1. Is it enabled?
20:08:33.719 [main] DEBUG a.f.a.t.b.SeqModelChecker - Step 13: Transition #1 is enabled
20:08:33.719 [main] INFO  a.f.a.t.b.SeqModelChecker - State 13: Checking 1 state invariants
20:08:33.719 [main] DEBUG a.f.a.t.b.SeqModelChecker - State 13: Checking state invariant 0
20:09:03.693 [main] DEBUG a.f.a.t.b.t.TransitionExecutorImpl - Step #13, transition #2
20:09:03.693 [main] DEBUG a.f.a.t.b.t.TransitionExecutorImpl - Translating to SMT...
20:09:03.698 [main] DEBUG a.f.a.t.b.SeqModelChecker - Step 13: Transition #2. Is it enabled?
20:09:03.742 [main] DEBUG a.f.a.t.b.SeqModelChecker - Step 13: Transition #2 is enabled
20:09:03.742 [main] INFO  a.f.a.t.b.SeqModelChecker - State 13: Checking 1 state invariants
20:09:03.742 [main] DEBUG a.f.a.t.b.SeqModelChecker - State 13: Checking state invariant 0
20:09:03.745 [main] INFO  a.f.a.t.b.t.TransitionExecutorImpl - Step 13: picking a transition out of 3 transition(s)
20:09:03.760 [main] DEBUG a.f.a.t.b.t.TransitionExecutorImpl - Step #14, transition #0
20:09:03.760 [main] DEBUG a.f.a.t.b.t.TransitionExecutorImpl - Translating to SMT...
20:09:03.770 [main] DEBUG a.f.a.t.b.SeqModelChecker - Step 14: Transition #0. Is it enabled?
20:09:03.772 [main] DEBUG a.f.a.t.b.SeqModelChecker - Step 14: Transition #0 is enabled
20:09:03.772 [main] INFO  a.f.a.t.b.SeqModelChecker - State 14: Checking 1 state invariants
20:09:03.773 [main] DEBUG a.f.a.t.b.SeqModelChecker - State 14: Checking state invariant 0
20:09:03.775 [main] DEBUG a.f.a.t.b.t.TransitionExecutorImpl - Step #14, transition #1
20:09:03.775 [main] DEBUG a.f.a.t.b.t.TransitionExecutorImpl - Translating to SMT...
20:09:03.782 [main] DEBUG a.f.a.t.b.SeqModelChecker - Step 14: Transition #1. Is it enabled?
20:09:03.783 [main] DEBUG a.f.a.t.b.SeqModelChecker - Step 14: Transition #1 is enabled
20:09:03.784 [main] INFO  a.f.a.t.b.SeqModelChecker - State 14: Checking 1 state invariants
20:09:03.784 [main] DEBUG a.f.a.t.b.SeqModelChecker - State 14: Checking state invariant 0
20:10:37.546 [main] DEBUG a.f.a.t.b.t.TransitionExecutorImpl - Step #14, transition #2
20:10:37.546 [main] DEBUG a.f.a.t.b.t.TransitionExecutorImpl - Translating to SMT...
20:10:37.552 [main] DEBUG a.f.a.t.b.SeqModelChecker - Step 14: Transition #2. Is it enabled?
20:10:37.656 [main] DEBUG a.f.a.t.b.SeqModelChecker - Step 14: Transition #2 is enabled
20:10:37.656 [main] INFO  a.f.a.t.b.SeqModelChecker - State 14: Checking 1 state invariants
20:10:37.657 [main] DEBUG a.f.a.t.b.SeqModelChecker - State 14: Checking state invariant 0
20:10:37.660 [main] INFO  a.f.a.t.b.t.TransitionExecutorImpl - Step 14: picking a transition out of 3 transition(s)
20:10:37.693 [main] INFO  a.f.a.t.b.p.BoundedCheckerPassImpl - The outcome is: NoError
20:10:37.693 [main] DEBUG a.f.a.i.p.PassChainExecutor - PASS #13: BoundedChecker [OK]
20:10:37.694 [main] INFO  a.f.a.i.p.PassChainExecutor - PASS #14: Terminal
20:10:37.694 [main] DEBUG a.f.a.i.p.PassChainExecutor - PASS #14: Terminal [OK]
20:10:37.694 [main] INFO  a.f.a.t.Tool$ - Checker reports no error up to computation length 14
20:10:37.696 [main] INFO  a.f.a.t.Tool$ - It took me 0 days  0 hours  3 min 32 sec
20:10:37.696 [main] INFO  a.f.a.t.Tool$ - Total time: 212.53 sec
